C:\Users\John\Documents\PC-Lint\std.lnt  52  Warning 686: Option '-elib(*)' is
    suspicious because of 'the likelihood of causing meaningless output';
    receiving a syntax error in a library file most likely means something is
    wrong with your Lint configuration

--- Module:   C:\Users\John\Documents\Libraries\Projects\Cryptography\C Projects\Misc C\Sphincs\SphincsPlusTest\testutils.cpp (C++)
C:\Users\John\Documents\Libraries\Projects\Cryptography\C Projects\Misc C\Sphincs\SphincsPlusTest\testutils.cpp(0): error 1960: (Note -- Violates MISRA C++ 2008 Required Rule 16-0-6, unparenthesized macro parameter in definition of macro: '__identifier')
wint_t get_response();
C:\Users\John\Documents\Libraries\Projects\Cryptography\C Projects\Misc C\Sphincs\SphincsPlusTest\testutils.h(9): error 1960: (Note -- Violates MISRA C++ 2008 Required Rule 17-0-2, Re-use of C++ identifier: wint_t)
C:\Users\John\Documents\Libraries\Projects\Cryptography\C Projects\Misc C\Sphincs\SphincsPlusTest\testutils.h(9): error 129: (Error -- declaration expected, identifier 'wint_t' ignored)
wint_t get_response()
C:\Users\John\Documents\Libraries\Projects\Cryptography\C Projects\Misc C\Sphincs\SphincsPlusTest\testutils.cpp(8): error 1960: (Note -- Violates MISRA C++ 2008 Required Rule 17-0-2, Re-use of C++ identifier: wint_t)
C:\Users\John\Documents\Libraries\Projects\Cryptography\C Projects\Misc C\Sphincs\SphincsPlusTest\testutils.cpp(8): error 129: (Error -- declaration expected, identifier 'wint_t' ignored)
    wint_t r;
C:\Users\John\Documents\Libraries\Projects\Cryptography\C Projects\Misc C\Sphincs\SphincsPlusTest\testutils.cpp(10): error 522: (Warning -- Highest operation, symbol reference 'wint_t', lacks side-effects [MISRA 2012 Rule 2.2, required])
C:\Users\John\Documents\Libraries\Projects\Cryptography\C Projects\Misc C\Sphincs\SphincsPlusTest\testutils.cpp(10): error 10: (Error -- Expecting ';')
    r = (wint_t)getwchar();
C:\Users\John\Documents\Libraries\Projects\Cryptography\C Projects\Misc C\Sphincs\SphincsPlusTest\testutils.cpp(11): error 40: (Error -- Undeclared identifier 'r' [MISRA 2012 Rule 1.3, required])
C:\Users\John\Documents\Libraries\Projects\Cryptography\C Projects\Misc C\Sphincs\SphincsPlusTest\testutils.cpp(11): error 63: (Error -- Expected an lvalue)
C:\Users\John\Documents\Libraries\Projects\Cryptography\C Projects\Misc C\Sphincs\SphincsPlusTest\testutils.cpp(11): error 10: (Error -- Expecting ';')
#...  C4005
    return r;
C:\Users\John\Documents\Libraries\Projects\Cryptography\C Projects\Misc C\Sphincs\SphincsPlusTest\testutils.cpp(12): error 522: (Warning -- Highest operation, symbol reference 'EMIT', lacks side-effects [MISRA 2012 Rule 2.2, required])
#...  C4005
    return r;
C:\Users\John\Documents\Libraries\Projects\Cryptography\C Projects\Misc C\Sphincs\SphincsPlusTest\testutils.cpp(12): error 10: (Error -- Expecting ';')
}
C:\Users\John\Documents\Libraries\Projects\Cryptography\C Projects\Misc C\Sphincs\SphincsPlusTest\testutils.cpp(13): error 533: (Warning -- function 'get_response(void)' should return a value (see line 8) [MISRA C++ Rule 8-4-3], [MISRA 2012 Rule 17.4, mandatory])
C:\Users\John\Documents\Libraries\Projects\Cryptography\C Projects\Misc C\Sphincs\SphincsPlusTest\testutils.cpp(8): error 830: (Info -- Location cited in prior message)

--- Global Wrap-up

 error 974: (Note -- Worst case function for stack usage: 'get_response' is finite, requires 0 bytes total stack in calling 'no function'. See +stack for a full report. [MISRA C++ Rule 7-5-4])
 error 900: (Note -- Successful completion, 16 messages produced)
