
--- Module:   C:\Users\John\Documents\Libraries\Projects\Cryptography\C Projects\MPKCM13T119\MPKCM13T119\MPKCM13T119.cpp (C++)
#... C4005
extern "C" {
C:\Program Files (x86)\Windows Kits\10\Include\10.0.17763.0\shared\sal.h(2361): error 129: (Error -- declaration expected, identifier 'EMIT' ignored)
extern "C" {
C:\Program Files (x86)\Windows Kits\10\Include\10.0.17763.0\shared\sal.h(2361): error 129: (Error -- declaration expected, identifier 'WARNING' ignored)
C:\Program Files (x86)\Windows Kits\10\Include\10.0.17763.0\shared\sal.h(2361): error 129: (Error -- declaration expected, identifier 'C4005' ignored)
C:\Program Files (x86)\Windows Kits\10\Include\10.0.17763.0\shared\sal.h(2361): error 10: (Error -- Expecting identifier or other declarator)
C:\Program Files (x86)\Windows Kits\10\Include\10.0.17763.0\shared\sal.h(2361): error 129: (Error -- declaration expected, identifier 'C' ignored)
C:\Program Files (x86)\Windows Kits\10\Include\10.0.17763.0\shared\sal.h(2361): error 10: (Error -- Expecting identifier or other declarator)
#... C4005
extern "C" {
C:\Program Files (x86)\Windows Kits\10\Include\10.0.17763.0\shared\concurrencysal.h(22): error 129: (Error -- declaration expected, identifier 'EMIT' ignored)
extern "C" {
C:\Program Files (x86)\Windows Kits\10\Include\10.0.17763.0\shared\concurrencysal.h(22): error 129: (Error -- declaration expected, identifier 'WARNING' ignored)
C:\Program Files (x86)\Windows Kits\10\Include\10.0.17763.0\shared\concurrencysal.h(22): error 129: (Error -- declaration expected, identifier 'C4005' ignored)
C:\Program Files (x86)\Windows Kits\10\Include\10.0.17763.0\shared\concurrencysal.h(22): error 10: (Error -- Expecting identifier or other declarator)
#... C4005
extern "C" {
C:\Program Files (x86)\Microsoft Visual Studio\2017\Community\VC\Tools\MSVC\14.16.27023\include\vadefs.h(18): error 129: (Error -- declaration expected, identifier 'EMIT' ignored)
extern "C" {
C:\Program Files (x86)\Microsoft Visual Studio\2017\Community\VC\Tools\MSVC\14.16.27023\include\vadefs.h(18): error 129: (Error -- declaration expected, identifier 'WARNING' ignored)
C:\Program Files (x86)\Microsoft Visual Studio\2017\Community\VC\Tools\MSVC\14.16.27023\include\vadefs.h(18): error 129: (Error -- declaration expected, identifier 'C4005' ignored)
C:\Program Files (x86)\Microsoft Visual Studio\2017\Community\VC\Tools\MSVC\14.16.27023\include\vadefs.h(18): error 10: (Error -- Expecting identifier or other declarator)
#...  C4005
    extern "C++"
C:\Program Files (x86)\Microsoft Visual Studio\2017\Community\VC\Tools\MSVC\14.16.27023\include\vadefs.h(128): error 129: (Error -- declaration expected, identifier 'EMIT' ignored)
    extern "C++"
C:\Program Files (x86)\Microsoft Visual Studio\2017\Community\VC\Tools\MSVC\14.16.27023\include\vadefs.h(128): error 129: (Error -- declaration expected, identifier 'WARNING' ignored)
    extern "C++"
C:\Program Files (x86)\Microsoft Visual Studio\2017\Community\VC\Tools\MSVC\14.16.27023\include\vadefs.h(128): error 129: (Error -- declaration expected, identifier 'C4005' ignored)
C:\Program Files (x86)\Microsoft Visual Studio\2017\Community\VC\Tools\MSVC\14.16.27023\include\vadefs.h(128): error 10: (Error -- Expecting identifier or other declarator)
#... C4005
#... "C" {
_CRT_BEGIN_C_HEADER
C:\Program Files (x86)\Microsoft Visual Studio\2017\Community\VC\Tools\MSVC\14.16.27023\include\vcruntime.h(83): error 129: (Error -- declaration expected, identifier 'EMIT' ignored)
#... "C" {
_CRT_BEGIN_C_HEADER
C:\Program Files (x86)\Microsoft Visual Studio\2017\Community\VC\Tools\MSVC\14.16.27023\include\vcruntime.h(83): error 129: (Error -- declaration expected, identifier 'WARNING' ignored)
_CRT_BEGIN_C_HEADER
C:\Program Files (x86)\Microsoft Visual Studio\2017\Community\VC\Tools\MSVC\14.16.27023\include\vcruntime.h(83): error 129: (Error -- declaration expected, identifier 'C4005' ignored)
C:\Program Files (x86)\Microsoft Visual Studio\2017\Community\VC\Tools\MSVC\14.16.27023\include\vcruntime.h(83): error 10: (Error -- Expecting identifier or other declarator)
#... C4005
#... "C" {
_CRT_BEGIN_C_HEADER
C:\Program Files (x86)\Windows Kits\10\Include\10.0.17763.0\ucrt\corecrt.h(12): error 129: (Error -- declaration expected, identifier 'EMIT' ignored)
#... "C" {
_CRT_BEGIN_C_HEADER
C:\Program Files (x86)\Windows Kits\10\Include\10.0.17763.0\ucrt\corecrt.h(12): error 129: (Error -- declaration expected, identifier 'WARNING' ignored)
_CRT_BEGIN_C_HEADER
C:\Program Files (x86)\Windows Kits\10\Include\10.0.17763.0\ucrt\corecrt.h(12): error 129: (Error -- declaration expected, identifier 'C4005' ignored)
C:\Program Files (x86)\Windows Kits\10\Include\10.0.17763.0\ucrt\corecrt.h(12): error 10: (Error -- Expecting identifier or other declarator)
#... C4005
extern "C++" {
C:\Program Files (x86)\Microsoft Visual Studio\2017\Community\VC\Tools\MSVC\14.16.27023\include\vcruntime_new.h(13): error 129: (Error -- declaration expected, identifier 'EMIT' ignored)
extern "C++" {
C:\Program Files (x86)\Microsoft Visual Studio\2017\Community\VC\Tools\MSVC\14.16.27023\include\vcruntime_new.h(13): error 129: (Error -- declaration expected, identifier 'WARNING' ignored)
C:\Program Files (x86)\Microsoft Visual Studio\2017\Community\VC\Tools\MSVC\14.16.27023\include\vcruntime_new.h(13): error 129: (Error -- declaration expected, identifier 'C4005' ignored)
C:\Program Files (x86)\Microsoft Visual Studio\2017\Community\VC\Tools\MSVC\14.16.27023\include\vcruntime_new.h(13): error 10: (Error -- Expecting identifier or other declarator)
#... C4005
extern "C++" {
C:\Program Files (x86)\Microsoft Visual Studio\2017\Community\VC\Tools\MSVC\14.16.27023\include\vcruntime_new_debug.h(13): error 129: (Error -- declaration expected, identifier 'EMIT' ignored)
extern "C++" {
C:\Program Files (x86)\Microsoft Visual Studio\2017\Community\VC\Tools\MSVC\14.16.27023\include\vcruntime_new_debug.h(13): error 129: (Error -- declaration expected, identifier 'WARNING' ignored)
C:\Program Files (x86)\Microsoft Visual Studio\2017\Community\VC\Tools\MSVC\14.16.27023\include\vcruntime_new_debug.h(13): error 129: (Error -- declaration expected, identifier 'C4005' ignored)
C:\Program Files (x86)\Microsoft Visual Studio\2017\Community\VC\Tools\MSVC\14.16.27023\include\vcruntime_new_debug.h(13): error 10: (Error -- Expecting identifier or other declarator)
#... C4005
#... "C" {
_CRT_BEGIN_C_HEADER
C:\Program Files (x86)\Windows Kits\10\Include\10.0.17763.0\ucrt\crtdbg.h(15): error 129: (Error -- declaration expected, identifier 'EMIT' ignored)
#... "C" {
_CRT_BEGIN_C_HEADER
C:\Program Files (x86)\Windows Kits\10\Include\10.0.17763.0\ucrt\crtdbg.h(15): error 129: (Error -- declaration expected, identifier 'WARNING' ignored)
_CRT_BEGIN_C_HEADER
C:\Program Files (x86)\Windows Kits\10\Include\10.0.17763.0\ucrt\crtdbg.h(15): error 129: (Error -- declaration expected, identifier 'C4005' ignored)
C:\Program Files (x86)\Windows Kits\10\Include\10.0.17763.0\ucrt\crtdbg.h(15): error 10: (Error -- Expecting identifier or other declarator)
#... C4005
#... std {
_STD_BEGIN
C:\Program Files (x86)\Microsoft Visual Studio\2017\Community\VC\Tools\MSVC\14.16.27023\include\yvals.h(332): error 129: (Error -- declaration expected, identifier 'EMIT' ignored)
#... std {
_STD_BEGIN
C:\Program Files (x86)\Microsoft Visual Studio\2017\Community\VC\Tools\MSVC\14.16.27023\include\yvals.h(332): error 129: (Error -- declaration expected, identifier 'WARNING' ignored)
#... {
_STD_BEGIN
C:\Program Files (x86)\Microsoft Visual Studio\2017\Community\VC\Tools\MSVC\14.16.27023\include\yvals.h(332): error 129: (Error -- declaration expected, identifier 'C4005' ignored)
_STD_BEGIN
C:\Program Files (x86)\Microsoft Visual Studio\2017\Community\VC\Tools\MSVC\14.16.27023\include\yvals.h(332): error 129: (Error -- declaration expected, identifier 'std' ignored)
C:\Program Files (x86)\Microsoft Visual Studio\2017\Community\VC\Tools\MSVC\14.16.27023\include\yvals.h(332): error 10: (Error -- Expecting identifier or other declarator)
#... C4005
#... "C" {
_CRT_BEGIN_C_HEADER
C:\Program Files (x86)\Windows Kits\10\Include\10.0.17763.0\ucrt\stddef.h(14): error 129: (Error -- declaration expected, identifier 'EMIT' ignored)
#... "C" {
_CRT_BEGIN_C_HEADER
C:\Program Files (x86)\Windows Kits\10\Include\10.0.17763.0\ucrt\stddef.h(14): error 129: (Error -- declaration expected, identifier 'WARNING' ignored)
_CRT_BEGIN_C_HEADER
C:\Program Files (x86)\Windows Kits\10\Include\10.0.17763.0\ucrt\stddef.h(14): error 129: (Error -- declaration expected, identifier 'C4005' ignored)
C:\Program Files (x86)\Windows Kits\10\Include\10.0.17763.0\ucrt\stddef.h(14): error 10: (Error -- Expecting identifier or other declarator)
#... C4005
#... std {
_STD_BEGIN
C:\Program Files (x86)\Microsoft Visual Studio\2017\Community\VC\Tools\MSVC\14.16.27023\include\xtr1common(15): error 129: (Error -- declaration expected, identifier 'EMIT' ignored)
#... std {
_STD_BEGIN
C:\Program Files (x86)\Microsoft Visual Studio\2017\Community\VC\Tools\MSVC\14.16.27023\include\xtr1common(15): error 129: (Error -- declaration expected, identifier 'WARNING' ignored)
#... {
_STD_BEGIN
C:\Program Files (x86)\Microsoft Visual Studio\2017\Community\VC\Tools\MSVC\14.16.27023\include\xtr1common(15): error 129: (Error -- declaration expected, identifier 'C4005' ignored)
_STD_BEGIN
C:\Program Files (x86)\Microsoft Visual Studio\2017\Community\VC\Tools\MSVC\14.16.27023\include\xtr1common(15): error 129: (Error -- declaration expected, identifier 'std' ignored)
C:\Program Files (x86)\Microsoft Visual Studio\2017\Community\VC\Tools\MSVC\14.16.27023\include\xtr1common(15): error 10: (Error -- Expecting identifier or other declarator)
#... C4005
#... std {
_STD_BEGIN
C:\Program Files (x86)\Microsoft Visual Studio\2017\Community\VC\Tools\MSVC\14.16.27023\include\cstddef(17): error 129: (Error -- declaration expected, identifier 'EMIT' ignored)
#... std {
_STD_BEGIN
C:\Program Files (x86)\Microsoft Visual Studio\2017\Community\VC\Tools\MSVC\14.16.27023\include\cstddef(17): error 129: (Error -- declaration expected, identifier 'WARNING' ignored)
#... {
_STD_BEGIN
C:\Program Files (x86)\Microsoft Visual Studio\2017\Community\VC\Tools\MSVC\14.16.27023\include\cstddef(17): error 129: (Error -- declaration expected, identifier 'C4005' ignored)
_STD_BEGIN
C:\Program Files (x86)\Microsoft Visual Studio\2017\Community\VC\Tools\MSVC\14.16.27023\include\cstddef(17): error 129: (Error -- declaration expected, identifier 'std' ignored)
C:\Program Files (x86)\Microsoft Visual Studio\2017\Community\VC\Tools\MSVC\14.16.27023\include\cstddef(17): error 10: (Error -- Expecting identifier or other declarator)
#... C4005
using _STD max_align_t;    // intentional, for historical reasons
C:\Program Files (x86)\Microsoft Visual Studio\2017\Community\VC\Tools\MSVC\14.16.27023\include\cstddef(101): error 129: (Error -- declaration expected, identifier 'EMIT' ignored)
using _STD max_align_t;    // intentional, for historical reasons
C:\Program Files (x86)\Microsoft Visual Studio\2017\Community\VC\Tools\MSVC\14.16.27023\include\cstddef(101): error 129: (Error -- declaration expected, identifier 'WARNING' ignored)
C:\Program Files (x86)\Microsoft Visual Studio\2017\Community\VC\Tools\MSVC\14.16.27023\include\cstddef(101): error 40: (Error -- Undeclared identifier 'C4005' [MISRA 2004 Rule 1.2, required], [MISRA 2012 Rule 1.3, required])
C:\Program Files (x86)\Microsoft Visual Studio\2017\Community\VC\Tools\MSVC\14.16.27023\include\cstddef(101): error 1001: (Error -- Scope 'C4005' must be a struct or class name)
C:\Program Files (x86)\Microsoft Visual Studio\2017\Community\VC\Tools\MSVC\14.16.27023\include\cstddef(101): error 129: (Error -- declaration expected, identifier 'std::max_align_t' ignored)
#... C4005
#... "C" {
_CRT_BEGIN_C_HEADER
C:\Program Files (x86)\Windows Kits\10\Include\10.0.17763.0\ucrt\corecrt_malloc.h(13): error 129: (Error -- declaration expected, identifier 'EMIT' ignored)
#... "C" {
_CRT_BEGIN_C_HEADER
C:\Program Files (x86)\Windows Kits\10\Include\10.0.17763.0\ucrt\corecrt_malloc.h(13): error 129: (Error -- declaration expected, identifier 'WARNING' ignored)
_CRT_BEGIN_C_HEADER
C:\Program Files (x86)\Windows Kits\10\Include\10.0.17763.0\ucrt\corecrt_malloc.h(13): error 129: (Error -- declaration expected, identifier 'C4005' ignored)
C:\Program Files (x86)\Windows Kits\10\Include\10.0.17763.0\ucrt\corecrt_malloc.h(13): error 10: (Error -- Expecting identifier or other declarator)
#... C4005
#... "C" {
_CRT_BEGIN_C_HEADER
C:\Program Files (x86)\Windows Kits\10\Include\10.0.17763.0\ucrt\corecrt_search.h(16): error 129: (Error -- declaration expected, identifier 'EMIT' ignored)
#... "C" {
_CRT_BEGIN_C_HEADER
C:\Program Files (x86)\Windows Kits\10\Include\10.0.17763.0\ucrt\corecrt_search.h(16): error 129: (Error -- declaration expected, identifier 'WARNING' ignored)
_CRT_BEGIN_C_HEADER
C:\Program Files (x86)\Windows Kits\10\Include\10.0.17763.0\ucrt\corecrt_search.h(16): error 129: (Error -- declaration expected, identifier 'C4005' ignored)
C:\Program Files (x86)\Windows Kits\10\Include\10.0.17763.0\ucrt\corecrt_search.h(16): error 10: (Error -- Expecting identifier or other declarator)
#... C4005
#... "C" {
_CRT_BEGIN_C_HEADER
C:\Program Files (x86)\Windows Kits\10\Include\10.0.17763.0\ucrt\corecrt_wstdlib.h(13): error 129: (Error -- declaration expected, identifier 'EMIT' ignored)
#... "C" {
_CRT_BEGIN_C_HEADER
C:\Program Files (x86)\Windows Kits\10\Include\10.0.17763.0\ucrt\corecrt_wstdlib.h(13): error 129: (Error -- declaration expected, identifier 'WARNING' ignored)
_CRT_BEGIN_C_HEADER
C:\Program Files (x86)\Windows Kits\10\Include\10.0.17763.0\ucrt\corecrt_wstdlib.h(13): error 129: (Error -- declaration expected, identifier 'C4005' ignored)
C:\Program Files (x86)\Windows Kits\10\Include\10.0.17763.0\ucrt\corecrt_wstdlib.h(13): error 10: (Error -- Expecting identifier or other declarator)
#... C4005
#... "C" {
_CRT_BEGIN_C_HEADER
C:\Program Files (x86)\Microsoft Visual Studio\2017\Community\VC\Tools\MSVC\14.16.27023\include\limits.h(13): error 129: (Error -- declaration expected, identifier 'EMIT' ignored)
#... "C" {
_CRT_BEGIN_C_HEADER
C:\Program Files (x86)\Microsoft Visual Studio\2017\Community\VC\Tools\MSVC\14.16.27023\include\limits.h(13): error 129: (Error -- declaration expected, identifier 'WARNING' ignored)
_CRT_BEGIN_C_HEADER
C:\Program Files (x86)\Microsoft Visual Studio\2017\Community\VC\Tools\MSVC\14.16.27023\include\limits.h(13): error 129: (Error -- declaration expected, identifier 'C4005' ignored)
C:\Program Files (x86)\Microsoft Visual Studio\2017\Community\VC\Tools\MSVC\14.16.27023\include\limits.h(13): error 10: (Error -- Expecting identifier or other declarator)
#... C4005
#... "C" {
_CRT_BEGIN_C_HEADER
C:\Program Files (x86)\Windows Kits\10\Include\10.0.17763.0\ucrt\stdlib.h(18): error 129: (Error -- declaration expected, identifier 'EMIT' ignored)
#... "C" {
_CRT_BEGIN_C_HEADER
C:\Program Files (x86)\Windows Kits\10\Include\10.0.17763.0\ucrt\stdlib.h(18): error 129: (Error -- declaration expected, identifier 'WARNING' ignored)
_CRT_BEGIN_C_HEADER
C:\Program Files (x86)\Windows Kits\10\Include\10.0.17763.0\ucrt\stdlib.h(18): error 129: (Error -- declaration expected, identifier 'C4005' ignored)
C:\Program Files (x86)\Windows Kits\10\Include\10.0.17763.0\ucrt\stdlib.h(18): error 10: (Error -- Expecting identifier or other declarator)
#... C4005
#... "C" {
_CRT_BEGIN_C_HEADER
C:\Program Files (x86)\Windows Kits\10\Include\10.0.17763.0\ucrt\corecrt_math.h(14): error 129: (Error -- declaration expected, identifier 'EMIT' ignored)
#... "C" {
_CRT_BEGIN_C_HEADER
C:\Program Files (x86)\Windows Kits\10\Include\10.0.17763.0\ucrt\corecrt_math.h(14): error 129: (Error -- declaration expected, identifier 'WARNING' ignored)
_CRT_BEGIN_C_HEADER
C:\Program Files (x86)\Windows Kits\10\Include\10.0.17763.0\ucrt\corecrt_math.h(14): error 129: (Error -- declaration expected, identifier 'C4005' ignored)
C:\Program Files (x86)\Windows Kits\10\Include\10.0.17763.0\ucrt\corecrt_math.h(14): error 10: (Error -- Expecting identifier or other declarator)
#... MIT WARNING C4005
_Check_return_ inline double abs(_In_ double _Xx) noexcept
C:\Program Files (x86)\Microsoft Visual Studio\2017\Community\VC\Tools\MSVC\14.16.27023\include\cstdlib(19): error 129: (Error -- declaration expected, identifier 'EMIT' ignored)
_Check_return_ inline double abs(_In_ double _Xx) noexcept
C:\Program Files (x86)\Microsoft Visual Studio\2017\Community\VC\Tools\MSVC\14.16.27023\include\cstdlib(19): error 129: (Error -- declaration expected, identifier 'WARNING' ignored)
C:\Program Files (x86)\Microsoft Visual Studio\2017\Community\VC\Tools\MSVC\14.16.27023\include\cstdlib(19): error 129: (Error -- declaration expected, identifier 'C4005' ignored)
C:\Program Files (x86)\Microsoft Visual Studio\2017\Community\VC\Tools\MSVC\14.16.27023\include\cstdlib(19): error 129: (Error -- declaration expected, identifier 'EMIT' ignored)
C:\Program Files (x86)\Microsoft Visual Studio\2017\Community\VC\Tools\MSVC\14.16.27023\include\cstdlib(19): error 129: (Error -- declaration expected, identifier 'WARNING' ignored)
C:\Program Files (x86)\Microsoft Visual Studio\2017\Community\VC\Tools\MSVC\14.16.27023\include\cstdlib(19): error 129: (Error -- declaration expected, identifier 'C4005' ignored)
C:\Program Files (x86)\Microsoft Visual Studio\2017\Community\VC\Tools\MSVC\14.16.27023\include\cstdlib(19): error 129: (Error -- declaration expected, identifier 'abs' ignored)
C:\Program Files (x86)\Microsoft Visual Studio\2017\Community\VC\Tools\MSVC\14.16.27023\include\cstdlib(19): error 129: (Error -- declaration expected, identifier 'EMIT' ignored)
C:\Program Files (x86)\Microsoft Visual Studio\2017\Community\VC\Tools\MSVC\14.16.27023\include\cstdlib(19): error 129: (Error -- declaration expected, identifier 'WARNING' ignored)
C:\Program Files (x86)\Microsoft Visual Studio\2017\Community\VC\Tools\MSVC\14.16.27023\include\cstdlib(19): error 129: (Error -- declaration expected, identifier 'C4005' ignored)
C:\Program Files (x86)\Microsoft Visual Studio\2017\Community\VC\Tools\MSVC\14.16.27023\include\cstdlib(19): error 129: (Error -- declaration expected, identifier '_Xx' ignored)
C:\Program Files (x86)\Microsoft Visual Studio\2017\Community\VC\Tools\MSVC\14.16.27023\include\cstdlib(19): error 10: (Error -- Expecting identifier or other declarator)
C:\Program Files (x86)\Microsoft Visual Studio\2017\Community\VC\Tools\MSVC\14.16.27023\include\cstdlib(19): error 129: (Error -- declaration expected, identifier 'EMIT' ignored)
C:\Program Files (x86)\Microsoft Visual Studio\2017\Community\VC\Tools\MSVC\14.16.27023\include\cstdlib(19): error 129: (Error -- declaration expected, identifier 'WARNING' ignored)
    {
C:\Program Files (x86)\Microsoft Visual Studio\2017\Community\VC\Tools\MSVC\14.16.27023\include\cstdlib(20): error 129: (Error -- declaration expected, identifier 'C4005' ignored)
C:\Program Files (x86)\Microsoft Visual Studio\2017\Community\VC\Tools\MSVC\14.16.27023\include\cstdlib(20): error 10: (Error -- Expecting identifier or other declarator)
#... MIT WARNING C4005
_Check_return_ inline float abs(_In_ float _Xx) noexcept
C:\Program Files (x86)\Microsoft Visual Studio\2017\Community\VC\Tools\MSVC\14.16.27023\include\cstdlib(24): error 129: (Error -- declaration expected, identifier 'EMIT' ignored)
_Check_return_ inline float abs(_In_ float _Xx) noexcept
C:\Program Files (x86)\Microsoft Visual Studio\2017\Community\VC\Tools\MSVC\14.16.27023\include\cstdlib(24): error 129: (Error -- declaration expected, identifier 'WARNING' ignored)
C:\Program Files (x86)\Microsoft Visual Studio\2017\Community\VC\Tools\MSVC\14.16.27023\include\cstdlib(24): error 129: (Error -- declaration expected, identifier 'C4005' ignored)
C:\Program Files (x86)\Microsoft Visual Studio\2017\Community\VC\Tools\MSVC\14.16.27023\include\cstdlib(24): error 129: (Error -- declaration expected, identifier 'EMIT' ignored)
C:\Program Files (x86)\Microsoft Visual Studio\2017\Community\VC\Tools\MSVC\14.16.27023\include\cstdlib(24): error 129: (Error -- declaration expected, identifier 'WARNING' ignored)
C:\Program Files (x86)\Microsoft Visual Studio\2017\Community\VC\Tools\MSVC\14.16.27023\include\cstdlib(24): error 129: (Error -- declaration expected, identifier 'C4005' ignored)
C:\Program Files (x86)\Microsoft Visual Studio\2017\Community\VC\Tools\MSVC\14.16.27023\include\cstdlib(24): error 129: (Error -- declaration expected, identifier 'abs' ignored)
C:\Program Files (x86)\Microsoft Visual Studio\2017\Community\VC\Tools\MSVC\14.16.27023\include\cstdlib(24): error 129: (Error -- declaration expected, identifier 'EMIT' ignored)
C:\Program Files (x86)\Microsoft Visual Studio\2017\Community\VC\Tools\MSVC\14.16.27023\include\cstdlib(24): error 129: (Error -- declaration expected, identifier 'WARNING' ignored)
C:\Program Files (x86)\Microsoft Visual Studio\2017\Community\VC\Tools\MSVC\14.16.27023\include\cstdlib(24): error 129: (Error -- declaration expected, identifier 'C4005' ignored)
C:\Program Files (x86)\Microsoft Visual Studio\2017\Community\VC\Tools\MSVC\14.16.27023\include\cstdlib(24): error 129: (Error -- declaration expected, identifier '_Xx' ignored)
C:\Program Files (x86)\Microsoft Visual Studio\2017\Community\VC\Tools\MSVC\14.16.27023\include\cstdlib(24): error 10: (Error -- Expecting identifier or other declarator)
C:\Program Files (x86)\Microsoft Visual Studio\2017\Community\VC\Tools\MSVC\14.16.27023\include\cstdlib(24): error 129: (Error -- declaration expected, identifier 'EMIT' ignored)
C:\Program Files (x86)\Microsoft Visual Studio\2017\Community\VC\Tools\MSVC\14.16.27023\include\cstdlib(24): error 129: (Error -- declaration expected, identifier 'WARNING' ignored)
    {
C:\Program Files (x86)\Microsoft Visual Studio\2017\Community\VC\Tools\MSVC\14.16.27023\include\cstdlib(25): error 129: (Error -- declaration expected, identifier 'C4005' ignored)
C:\Program Files (x86)\Microsoft Visual Studio\2017\Community\VC\Tools\MSVC\14.16.27023\include\cstdlib(25): error 10: (Error -- Expecting identifier or other declarator)
#... MIT WARNING C4005
_Check_return_ inline long double abs(_In_ long double _Xx) noexcept
C:\Program Files (x86)\Microsoft Visual Studio\2017\Community\VC\Tools\MSVC\14.16.27023\include\cstdlib(29): error 129: (Error -- declaration expected, identifier 'EMIT' ignored)
_Check_return_ inline long double abs(_In_ long double _Xx) noexcept
C:\Program Files (x86)\Microsoft Visual Studio\2017\Community\VC\Tools\MSVC\14.16.27023\include\cstdlib(29): error 129: (Error -- declaration expected, identifier 'WARNING' ignored)
C:\Program Files (x86)\Microsoft Visual Studio\2017\Community\VC\Tools\MSVC\14.16.27023\include\cstdlib(29): error 129: (Error -- declaration expected, identifier 'C4005' ignored)
C:\Program Files (x86)\Microsoft Visual Studio\2017\Community\VC\Tools\MSVC\14.16.27023\include\cstdlib(29): error 10: (Error -- Expecting ';')
#... WARNING C4005
#... std {
_STD_BEGIN
C:\Program Files (x86)\Microsoft Visual Studio\2017\Community\VC\Tools\MSVC\14.16.27023\include\cstdlib(34): error 10: (Error -- Expecting ';')
#... C4005
#... std {
_STD_BEGIN
C:\Program Files (x86)\Microsoft Visual Studio\2017\Community\VC\Tools\MSVC\14.16.27023\include\initializer_list(15): error 129: (Error -- declaration expected, identifier 'EMIT' ignored)
#... std {
_STD_BEGIN
C:\Program Files (x86)\Microsoft Visual Studio\2017\Community\VC\Tools\MSVC\14.16.27023\include\initializer_list(15): error 129: (Error -- declaration expected, identifier 'WARNING' ignored)
#... {
_STD_BEGIN
C:\Program Files (x86)\Microsoft Visual Studio\2017\Community\VC\Tools\MSVC\14.16.27023\include\initializer_list(15): error 129: (Error -- declaration expected, identifier 'C4005' ignored)
_STD_BEGIN
C:\Program Files (x86)\Microsoft Visual Studio\2017\Community\VC\Tools\MSVC\14.16.27023\include\initializer_list(15): error 129: (Error -- declaration expected, identifier 'std' ignored)
C:\Program Files (x86)\Microsoft Visual Studio\2017\Community\VC\Tools\MSVC\14.16.27023\include\initializer_list(15): error 10: (Error -- Expecting identifier or other declarator)
#... C4005
#... std {
_STD_BEGIN
C:\Program Files (x86)\Microsoft Visual Studio\2017\Community\VC\Tools\MSVC\14.16.27023\include\xstddef(18): error 129: (Error -- declaration expected, identifier 'EMIT' ignored)
#... std {
_STD_BEGIN
C:\Program Files (x86)\Microsoft Visual Studio\2017\Community\VC\Tools\MSVC\14.16.27023\include\xstddef(18): error 129: (Error -- declaration expected, identifier 'WARNING' ignored)
#... {
_STD_BEGIN
C:\Program Files (x86)\Microsoft Visual Studio\2017\Community\VC\Tools\MSVC\14.16.27023\include\xstddef(18): error 129: (Error -- declaration expected, identifier 'C4005' ignored)
_STD_BEGIN
C:\Program Files (x86)\Microsoft Visual Studio\2017\Community\VC\Tools\MSVC\14.16.27023\include\xstddef(18): error 129: (Error -- declaration expected, identifier 'std' ignored)
C:\Program Files (x86)\Microsoft Visual Studio\2017\Community\VC\Tools\MSVC\14.16.27023\include\xstddef(18): error 10: (Error -- Expecting identifier or other declarator)
#... C4005
#... std {
_STD_BEGIN
C:\Program Files (x86)\Microsoft Visual Studio\2017\Community\VC\Tools\MSVC\14.16.27023\include\type_traits(17): error 129: (Error -- declaration expected, identifier 'EMIT' ignored)
#... std {
_STD_BEGIN
C:\Program Files (x86)\Microsoft Visual Studio\2017\Community\VC\Tools\MSVC\14.16.27023\include\type_traits(17): error 129: (Error -- declaration expected, identifier 'WARNING' ignored)
#... {
_STD_BEGIN
C:\Program Files (x86)\Microsoft Visual Studio\2017\Community\VC\Tools\MSVC\14.16.27023\include\type_traits(17): error 129: (Error -- declaration expected, identifier 'C4005' ignored)
_STD_BEGIN
C:\Program Files (x86)\Microsoft Visual Studio\2017\Community\VC\Tools\MSVC\14.16.27023\include\type_traits(17): error 129: (Error -- declaration expected, identifier 'std' ignored)
C:\Program Files (x86)\Microsoft Visual Studio\2017\Community\VC\Tools\MSVC\14.16.27023\include\type_traits(17): error 10: (Error -- Expecting identifier or other declarator)
#... C4005
#... std {
_STD_BEGIN
C:\Program Files (x86)\Microsoft Visual Studio\2017\Community\VC\Tools\MSVC\14.16.27023\include\exception(17): error 129: (Error -- declaration expected, identifier 'EMIT' ignored)
#... std {
_STD_BEGIN
C:\Program Files (x86)\Microsoft Visual Studio\2017\Community\VC\Tools\MSVC\14.16.27023\include\exception(17): error 129: (Error -- declaration expected, identifier 'WARNING' ignored)
#... {
_STD_BEGIN
C:\Program Files (x86)\Microsoft Visual Studio\2017\Community\VC\Tools\MSVC\14.16.27023\include\exception(17): error 129: (Error -- declaration expected, identifier 'C4005' ignored)
_STD_BEGIN
C:\Program Files (x86)\Microsoft Visual Studio\2017\Community\VC\Tools\MSVC\14.16.27023\include\exception(17): error 129: (Error -- declaration expected, identifier 'std' ignored)
C:\Program Files (x86)\Microsoft Visual Studio\2017\Community\VC\Tools\MSVC\14.16.27023\include\exception(17): error 10: (Error -- Expecting identifier or other declarator)
#... C4005
#... "C" {
_CRT_BEGIN_C_HEADER
C:\Program Files (x86)\Windows Kits\10\Include\10.0.17763.0\ucrt\malloc.h(15): error 129: (Error -- declaration expected, identifier 'EMIT' ignored)
#... "C" {
_CRT_BEGIN_C_HEADER
C:\Program Files (x86)\Windows Kits\10\Include\10.0.17763.0\ucrt\malloc.h(15): error 129: (Error -- declaration expected, identifier 'WARNING' ignored)
_CRT_BEGIN_C_HEADER
C:\Program Files (x86)\Windows Kits\10\Include\10.0.17763.0\ucrt\malloc.h(15): error 129: (Error -- declaration expected, identifier 'C4005' ignored)
C:\Program Files (x86)\Windows Kits\10\Include\10.0.17763.0\ucrt\malloc.h(15): error 10: (Error -- Expecting identifier or other declarator)
#... C4005
#... "C" {
_CRT_BEGIN_C_HEADER
C:\Program Files (x86)\Windows Kits\10\Include\10.0.17763.0\ucrt\corecrt_terminate.h(14): error 129: (Error -- declaration expected, identifier 'EMIT' ignored)
#... "C" {
_CRT_BEGIN_C_HEADER
C:\Program Files (x86)\Windows Kits\10\Include\10.0.17763.0\ucrt\corecrt_terminate.h(14): error 129: (Error -- declaration expected, identifier 'WARNING' ignored)
_CRT_BEGIN_C_HEADER
C:\Program Files (x86)\Windows Kits\10\Include\10.0.17763.0\ucrt\corecrt_terminate.h(14): error 129: (Error -- declaration expected, identifier 'C4005' ignored)
C:\Program Files (x86)\Windows Kits\10\Include\10.0.17763.0\ucrt\corecrt_terminate.h(14): error 10: (Error -- Expecting identifier or other declarator)
#... C4005
#... "C" {
_CRT_BEGIN_C_HEADER
C:\Program Files (x86)\Microsoft Visual Studio\2017\Community\VC\Tools\MSVC\14.16.27023\include\eh.h(15): error 129: (Error -- declaration expected, identifier 'EMIT' ignored)
#... "C" {
_CRT_BEGIN_C_HEADER
C:\Program Files (x86)\Microsoft Visual Studio\2017\Community\VC\Tools\MSVC\14.16.27023\include\eh.h(15): error 129: (Error -- declaration expected, identifier 'WARNING' ignored)
_CRT_BEGIN_C_HEADER
C:\Program Files (x86)\Microsoft Visual Studio\2017\Community\VC\Tools\MSVC\14.16.27023\include\eh.h(15): error 129: (Error -- declaration expected, identifier 'C4005' ignored)
C:\Program Files (x86)\Microsoft Visual Studio\2017\Community\VC\Tools\MSVC\14.16.27023\include\eh.h(15): error 10: (Error -- Expecting identifier or other declarator)
#... C4005
#... "C" {
_CRT_BEGIN_C_HEADER
C:\Program Files (x86)\Microsoft Visual Studio\2017\Community\VC\Tools\MSVC\14.16.27023\include\vcruntime_exception.h(19): error 129: (Error -- declaration expected, identifier 'EMIT' ignored)
#... "C" {
_CRT_BEGIN_C_HEADER
C:\Program Files (x86)\Microsoft Visual Studio\2017\Community\VC\Tools\MSVC\14.16.27023\include\vcruntime_exception.h(19): error 129: (Error -- declaration expected, identifier 'WARNING' ignored)
_CRT_BEGIN_C_HEADER
C:\Program Files (x86)\Microsoft Visual Studio\2017\Community\VC\Tools\MSVC\14.16.27023\include\vcruntime_exception.h(19): error 129: (Error -- declaration expected, identifier 'C4005' ignored)
C:\Program Files (x86)\Microsoft Visual Studio\2017\Community\VC\Tools\MSVC\14.16.27023\include\vcruntime_exception.h(19): error 10: (Error -- Expecting identifier or other declarator)
#... C4005
namespace std {
C:\Program Files (x86)\Microsoft Visual Studio\2017\Community\VC\Tools\MSVC\14.16.27023\include\vcruntime_exception.h(40): error 129: (Error -- declaration expected, identifier 'EMIT' ignored)
namespace std {
C:\Program Files (x86)\Microsoft Visual Studio\2017\Community\VC\Tools\MSVC\14.16.27023\include\vcruntime_exception.h(40): error 129: (Error -- declaration expected, identifier 'WARNING' ignored)
C:\Program Files (x86)\Microsoft Visual Studio\2017\Community\VC\Tools\MSVC\14.16.27023\include\vcruntime_exception.h(40): error 129: (Error -- declaration expected, identifier 'C4005' ignored)
C:\Program Files (x86)\Microsoft Visual Studio\2017\Community\VC\Tools\MSVC\14.16.27023\include\vcruntime_exception.h(40): error 129: (Error -- declaration expected, identifier 'std' ignored)
C:\Program Files (x86)\Microsoft Visual Studio\2017\Community\VC\Tools\MSVC\14.16.27023\include\vcruntime_exception.h(40): error 10: (Error -- Expecting identifier or other declarator)
#... C4005
#... std {
_STD_BEGIN
C:\Program Files (x86)\Microsoft Visual Studio\2017\Community\VC\Tools\MSVC\14.16.27023\include\exception(29): error 129: (Error -- declaration expected, identifier 'EMIT' ignored)
#... std {
_STD_BEGIN
C:\Program Files (x86)\Microsoft Visual Studio\2017\Community\VC\Tools\MSVC\14.16.27023\include\exception(29): error 129: (Error -- declaration expected, identifier 'WARNING' ignored)
#... {
_STD_BEGIN
C:\Program Files (x86)\Microsoft Visual Studio\2017\Community\VC\Tools\MSVC\14.16.27023\include\exception(29): error 129: (Error -- declaration expected, identifier 'C4005' ignored)
_STD_BEGIN
C:\Program Files (x86)\Microsoft Visual Studio\2017\Community\VC\Tools\MSVC\14.16.27023\include\exception(29): error 129: (Error -- declaration expected, identifier 'std' ignored)
C:\Program Files (x86)\Microsoft Visual Studio\2017\Community\VC\Tools\MSVC\14.16.27023\include\exception(29): error 10: (Error -- Expecting identifier or other declarator)
#... IT WARNING C4005
_CRTIMP2_PURE void __CLRCALL_PURE_OR_CDECL __ExceptionPtrCreate(_Out_ void*);
C:\Program Files (x86)\Microsoft Visual Studio\2017\Community\VC\Tools\MSVC\14.16.27023\include\exception(225): error 129: (Error -- declaration expected, identifier 'EMIT' ignored)
_CRTIMP2_PURE void __CLRCALL_PURE_OR_CDECL __ExceptionPtrCreate(_Out_ void*);
C:\Program Files (x86)\Microsoft Visual Studio\2017\Community\VC\Tools\MSVC\14.16.27023\include\exception(225): error 129: (Error -- declaration expected, identifier 'WARNING' ignored)
C:\Program Files (x86)\Microsoft Visual Studio\2017\Community\VC\Tools\MSVC\14.16.27023\include\exception(225): error 129: (Error -- declaration expected, identifier 'C4005' ignored)
C:\Program Files (x86)\Microsoft Visual Studio\2017\Community\VC\Tools\MSVC\14.16.27023\include\exception(225): error 10: (Error -- Expecting ')')
#... IT WARNING C4005
_CRTIMP2_PURE void __CLRCALL_PURE_OR_CDECL __ExceptionPtrDestroy(_Inout_ void*);
C:\Program Files (x86)\Microsoft Visual Studio\2017\Community\VC\Tools\MSVC\14.16.27023\include\exception(226): error 129: (Error -- declaration expected, identifier 'EMIT' ignored)
_CRTIMP2_PURE void __CLRCALL_PURE_OR_CDECL __ExceptionPtrDestroy(_Inout_ void*);
C:\Program Files (x86)\Microsoft Visual Studio\2017\Community\VC\Tools\MSVC\14.16.27023\include\exception(226): error 129: (Error -- declaration expected, identifier 'WARNING' ignored)
C:\Program Files (x86)\Microsoft Visual Studio\2017\Community\VC\Tools\MSVC\14.16.27023\include\exception(226): error 129: (Error -- declaration expected, identifier 'C4005' ignored)
C:\Program Files (x86)\Microsoft Visual Studio\2017\Community\VC\Tools\MSVC\14.16.27023\include\exception(226): error 10: (Error -- Expecting ')')
#... IT WARNING C4005
_CRTIMP2_PURE void __CLRCALL_PURE_OR_CDECL __ExceptionPtrCopy(_Out_ void*, _In_ const void*);
C:\Program Files (x86)\Microsoft Visual Studio\2017\Community\VC\Tools\MSVC\14.16.27023\include\exception(227): error 129: (Error -- declaration expected, identifier 'EMIT' ignored)
_CRTIMP2_PURE void __CLRCALL_PURE_OR_CDECL __ExceptionPtrCopy(_Out_ void*, _In_ const void*);
C:\Program Files (x86)\Microsoft Visual Studio\2017\Community\VC\Tools\MSVC\14.16.27023\include\exception(227): error 129: (Error -- declaration expected, identifier 'WARNING' ignored)
C:\Program Files (x86)\Microsoft Visual Studio\2017\Community\VC\Tools\MSVC\14.16.27023\include\exception(227): error 129: (Error -- declaration expected, identifier 'C4005' ignored)
C:\Program Files (x86)\Microsoft Visual Studio\2017\Community\VC\Tools\MSVC\14.16.27023\include\exception(227): error 10: (Error -- Expecting ')')
#... IT WARNING C4005
_CRTIMP2_PURE void __CLRCALL_PURE_OR_CDECL __ExceptionPtrAssign(_Inout_ void*, _In_ const void*);
C:\Program Files (x86)\Microsoft Visual Studio\2017\Community\VC\Tools\MSVC\14.16.27023\include\exception(228): error 129: (Error -- declaration expected, identifier 'EMIT' ignored)
_CRTIMP2_PURE void __CLRCALL_PURE_OR_CDECL __ExceptionPtrAssign(_Inout_ void*, _In_ const void*);
C:\Program Files (x86)\Microsoft Visual Studio\2017\Community\VC\Tools\MSVC\14.16.27023\include\exception(228): error 129: (Error -- declaration expected, identifier 'WARNING' ignored)
C:\Program Files (x86)\Microsoft Visual Studio\2017\Community\VC\Tools\MSVC\14.16.27023\include\exception(228): error 129: (Error -- declaration expected, identifier 'C4005' ignored)
C:\Program Files (x86)\Microsoft Visual Studio\2017\Community\VC\Tools\MSVC\14.16.27023\include\exception(228): error 10: (Error -- Expecting ')')
#... IT WARNING C4005
_CRTIMP2_PURE bool __CLRCALL_PURE_OR_CDECL __ExceptionPtrCompare(_In_ const void*, _In_ const void*);
C:\Program Files (x86)\Microsoft Visual Studio\2017\Community\VC\Tools\MSVC\14.16.27023\include\exception(229): error 129: (Error -- declaration expected, identifier 'EMIT' ignored)
_CRTIMP2_PURE bool __CLRCALL_PURE_OR_CDECL __ExceptionPtrCompare(_In_ const void*, _In_ const void*);
C:\Program Files (x86)\Microsoft Visual Studio\2017\Community\VC\Tools\MSVC\14.16.27023\include\exception(229): error 129: (Error -- declaration expected, identifier 'WARNING' ignored)
C:\Program Files (x86)\Microsoft Visual Studio\2017\Community\VC\Tools\MSVC\14.16.27023\include\exception(229): error 129: (Error -- declaration expected, identifier 'C4005' ignored)
C:\Program Files (x86)\Microsoft Visual Studio\2017\Community\VC\Tools\MSVC\14.16.27023\include\exception(229): error 10: (Error -- Expecting ')')
#... IT WARNING C4005
_CRTIMP2_PURE bool __CLRCALL_PURE_OR_CDECL __ExceptionPtrToBool(_In_ const void*);
C:\Program Files (x86)\Microsoft Visual Studio\2017\Community\VC\Tools\MSVC\14.16.27023\include\exception(230): error 129: (Error -- declaration expected, identifier 'EMIT' ignored)
_CRTIMP2_PURE bool __CLRCALL_PURE_OR_CDECL __ExceptionPtrToBool(_In_ const void*);
C:\Program Files (x86)\Microsoft Visual Studio\2017\Community\VC\Tools\MSVC\14.16.27023\include\exception(230): error 129: (Error -- declaration expected, identifier 'WARNING' ignored)
C:\Program Files (x86)\Microsoft Visual Studio\2017\Community\VC\Tools\MSVC\14.16.27023\include\exception(230): error 129: (Error -- declaration expected, identifier 'C4005' ignored)
C:\Program Files (x86)\Microsoft Visual Studio\2017\Community\VC\Tools\MSVC\14.16.27023\include\exception(230): error 10: (Error -- Expecting ')')
#... IT WARNING C4005
_CRTIMP2_PURE void __CLRCALL_PURE_OR_CDECL __ExceptionPtrSwap(_Inout_ void*, _Inout_ void*);
C:\Program Files (x86)\Microsoft Visual Studio\2017\Community\VC\Tools\MSVC\14.16.27023\include\exception(231): error 129: (Error -- declaration expected, identifier 'EMIT' ignored)
_CRTIMP2_PURE void __CLRCALL_PURE_OR_CDECL __ExceptionPtrSwap(_Inout_ void*, _Inout_ void*);
C:\Program Files (x86)\Microsoft Visual Studio\2017\Community\VC\Tools\MSVC\14.16.27023\include\exception(231): error 129: (Error -- declaration expected, identifier 'WARNING' ignored)
C:\Program Files (x86)\Microsoft Visual Studio\2017\Community\VC\Tools\MSVC\14.16.27023\include\exception(231): error 129: (Error -- declaration expected, identifier 'C4005' ignored)
C:\Program Files (x86)\Microsoft Visual Studio\2017\Community\VC\Tools\MSVC\14.16.27023\include\exception(231): error 10: (Error -- Expecting ')')
#... IT WARNING C4005
_CRTIMP2_PURE void __CLRCALL_PURE_OR_CDECL __ExceptionPtrCurrentException(_Out_ void*);
C:\Program Files (x86)\Microsoft Visual Studio\2017\Community\VC\Tools\MSVC\14.16.27023\include\exception(232): error 129: (Error -- declaration expected, identifier 'EMIT' ignored)
_CRTIMP2_PURE void __CLRCALL_PURE_OR_CDECL __ExceptionPtrCurrentException(_Out_ void*);
C:\Program Files (x86)\Microsoft Visual Studio\2017\Community\VC\Tools\MSVC\14.16.27023\include\exception(232): error 129: (Error -- declaration expected, identifier 'WARNING' ignored)
C:\Program Files (x86)\Microsoft Visual Studio\2017\Community\VC\Tools\MSVC\14.16.27023\include\exception(232): error 129: (Error -- declaration expected, identifier 'C4005' ignored)
C:\Program Files (x86)\Microsoft Visual Studio\2017\Community\VC\Tools\MSVC\14.16.27023\include\exception(232): error 10: (Error -- Expecting ')')
#...            EMIT WARNING C4005
[[noreturn]] _CRTIMP2_PURE void __CLRCALL_PURE_OR_CDECL __ExceptionPtrRethrow(_In_ const void*);
C:\Program Files (x86)\Microsoft Visual Studio\2017\Community\VC\Tools\MSVC\14.16.27023\include\exception(233): error 129: (Error -- declaration expected, identifier 'EMIT' ignored)
[[noreturn]] _CRTIMP2_PURE void __CLRCALL_PURE_OR_CDECL __ExceptionPtrRethrow(_In_ const void*);
C:\Program Files (x86)\Microsoft Visual Studio\2017\Community\VC\Tools\MSVC\14.16.27023\include\exception(233): error 129: (Error -- declaration expected, identifier 'WARNING' ignored)
C:\Program Files (x86)\Microsoft Visual Studio\2017\Community\VC\Tools\MSVC\14.16.27023\include\exception(233): error 129: (Error -- declaration expected, identifier 'C4005' ignored)
C:\Program Files (x86)\Microsoft Visual Studio\2017\Community\VC\Tools\MSVC\14.16.27023\include\exception(233): error 10: (Error -- Expecting ')')
#... IT WARNING C4005
_CRTIMP2_PURE void __CLRCALL_PURE_OR_CDECL __ExceptionPtrCopyException(
C:\Program Files (x86)\Microsoft Visual Studio\2017\Community\VC\Tools\MSVC\14.16.27023\include\exception(234): error 129: (Error -- declaration expected, identifier 'EMIT' ignored)
_CRTIMP2_PURE void __CLRCALL_PURE_OR_CDECL __ExceptionPtrCopyException(
C:\Program Files (x86)\Microsoft Visual Studio\2017\Community\VC\Tools\MSVC\14.16.27023\include\exception(234): error 129: (Error -- declaration expected, identifier 'WARNING' ignored)
C:\Program Files (x86)\Microsoft Visual Studio\2017\Community\VC\Tools\MSVC\14.16.27023\include\exception(234): error 129: (Error -- declaration expected, identifier 'C4005' ignored)
#...  WARNING C4005
    _Inout_ void*, _In_ const void*, _In_ const void*);
C:\Program Files (x86)\Microsoft Visual Studio\2017\Community\VC\Tools\MSVC\14.16.27023\include\exception(235): error 10: (Error -- Expecting ')')
#... C4005
#... std {
_STD_BEGIN
C:\Program Files (x86)\Microsoft Visual Studio\2017\Community\VC\Tools\MSVC\14.16.27023\include\exception(237): error 129: (Error -- declaration expected, identifier 'EMIT' ignored)
#... std {
_STD_BEGIN
C:\Program Files (x86)\Microsoft Visual Studio\2017\Community\VC\Tools\MSVC\14.16.27023\include\exception(237): error 129: (Error -- declaration expected, identifier 'WARNING' ignored)
#... {
_STD_BEGIN
C:\Program Files (x86)\Microsoft Visual Studio\2017\Community\VC\Tools\MSVC\14.16.27023\include\exception(237): error 129: (Error -- declaration expected, identifier 'C4005' ignored)
_STD_BEGIN
C:\Program Files (x86)\Microsoft Visual Studio\2017\Community\VC\Tools\MSVC\14.16.27023\include\exception(237): error 129: (Error -- declaration expected, identifier 'std' ignored)
C:\Program Files (x86)\Microsoft Visual Studio\2017\Community\VC\Tools\MSVC\14.16.27023\include\exception(237): error 10: (Error -- Expecting identifier or other declarator)
#...  C4005
    struct __type_info_node;
C:\Program Files (x86)\Microsoft Visual Studio\2017\Community\VC\Tools\MSVC\14.16.27023\include\vcruntime_typeinfo.h(21): error 129: (Error -- declaration expected, identifier 'EMIT' ignored)
    struct __type_info_node;
C:\Program Files (x86)\Microsoft Visual Studio\2017\Community\VC\Tools\MSVC\14.16.27023\include\vcruntime_typeinfo.h(21): error 129: (Error -- declaration expected, identifier 'WARNING' ignored)
C:\Program Files (x86)\Microsoft Visual Studio\2017\Community\VC\Tools\MSVC\14.16.27023\include\vcruntime_typeinfo.h(21): error 129: (Error -- declaration expected, identifier 'C4005' ignored)
C:\Program Files (x86)\Microsoft Visual Studio\2017\Community\VC\Tools\MSVC\14.16.27023\include\vcruntime_typeinfo.h(21): error 129: (Error -- declaration expected, identifier '__type_info_node' ignored)
#...  C4005
    extern __type_info_node __type_info_root_node;
C:\Program Files (x86)\Microsoft Visual Studio\2017\Community\VC\Tools\MSVC\14.16.27023\include\vcruntime_typeinfo.h(27): error 129: (Error -- declaration expected, identifier 'EMIT' ignored)
    extern __type_info_node __type_info_root_node;
C:\Program Files (x86)\Microsoft Visual Studio\2017\Community\VC\Tools\MSVC\14.16.27023\include\vcruntime_typeinfo.h(27): error 129: (Error -- declaration expected, identifier 'WARNING' ignored)
C:\Program Files (x86)\Microsoft Visual Studio\2017\Community\VC\Tools\MSVC\14.16.27023\include\vcruntime_typeinfo.h(27): error 129: (Error -- declaration expected, identifier 'C4005' ignored)
C:\Program Files (x86)\Microsoft Visual Studio\2017\Community\VC\Tools\MSVC\14.16.27023\include\vcruntime_typeinfo.h(27): error 129: (Error -- declaration expected, identifier '__type_info_node' ignored)
C:\Program Files (x86)\Microsoft Visual Studio\2017\Community\VC\Tools\MSVC\14.16.27023\include\vcruntime_typeinfo.h(27): error 129: (Error -- declaration expected, identifier '__type_info_root_node' ignored)
#... C4005
#... "C" {
_CRT_BEGIN_C_HEADER
C:\Program Files (x86)\Microsoft Visual Studio\2017\Community\VC\Tools\MSVC\14.16.27023\include\vcruntime_typeinfo.h(32): error 129: (Error -- declaration expected, identifier 'EMIT' ignored)
#... "C" {
_CRT_BEGIN_C_HEADER
C:\Program Files (x86)\Microsoft Visual Studio\2017\Community\VC\Tools\MSVC\14.16.27023\include\vcruntime_typeinfo.h(32): error 129: (Error -- declaration expected, identifier 'WARNING' ignored)
_CRT_BEGIN_C_HEADER
C:\Program Files (x86)\Microsoft Visual Studio\2017\Community\VC\Tools\MSVC\14.16.27023\include\vcruntime_typeinfo.h(32): error 129: (Error -- declaration expected, identifier 'C4005' ignored)
C:\Program Files (x86)\Microsoft Visual Studio\2017\Community\VC\Tools\MSVC\14.16.27023\include\vcruntime_typeinfo.h(32): error 10: (Error -- Expecting identifier or other declarator)
#... C4005
class type_info
C:\Program Files (x86)\Microsoft Visual Studio\2017\Community\VC\Tools\MSVC\14.16.27023\include\vcruntime_typeinfo.h(65): error 129: (Error -- declaration expected, identifier 'EMIT' ignored)
class type_info
C:\Program Files (x86)\Microsoft Visual Studio\2017\Community\VC\Tools\MSVC\14.16.27023\include\vcruntime_typeinfo.h(65): error 129: (Error -- declaration expected, identifier 'WARNING' ignored)
C:\Program Files (x86)\Microsoft Visual Studio\2017\Community\VC\Tools\MSVC\14.16.27023\include\vcruntime_typeinfo.h(65): error 129: (Error -- declaration expected, identifier 'C4005' ignored)
{
C:\Program Files (x86)\Microsoft Visual Studio\2017\Community\VC\Tools\MSVC\14.16.27023\include\vcruntime_typeinfo.h(66): error 129: (Error -- declaration expected, identifier 'type_info' ignored)
C:\Program Files (x86)\Microsoft Visual Studio\2017\Community\VC\Tools\MSVC\14.16.27023\include\vcruntime_typeinfo.h(66): error 10: (Error -- Expecting identifier or other declarator)
#... C4005
namespace std {
C:\Program Files (x86)\Microsoft Visual Studio\2017\Community\VC\Tools\MSVC\14.16.27023\include\vcruntime_typeinfo.h(114): error 129: (Error -- declaration expected, identifier 'EMIT' ignored)
namespace std {
C:\Program Files (x86)\Microsoft Visual Studio\2017\Community\VC\Tools\MSVC\14.16.27023\include\vcruntime_typeinfo.h(114): error 129: (Error -- declaration expected, identifier 'WARNING' ignored)
C:\Program Files (x86)\Microsoft Visual Studio\2017\Community\VC\Tools\MSVC\14.16.27023\include\vcruntime_typeinfo.h(114): error 129: (Error -- declaration expected, identifier 'C4005' ignored)
C:\Program Files (x86)\Microsoft Visual Studio\2017\Community\VC\Tools\MSVC\14.16.27023\include\vcruntime_typeinfo.h(114): error 129: (Error -- declaration expected, identifier 'std' ignored)
#... C4005
namespace std {
C:\Program Files (x86)\Microsoft Visual Studio\2017\Community\VC\Tools\MSVC\14.16.27023\include\vcruntime_typeinfo.h(120): error 129: (Error -- declaration expected, identifier 'EMIT' ignored)
namespace std {
C:\Program Files (x86)\Microsoft Visual Studio\2017\Community\VC\Tools\MSVC\14.16.27023\include\vcruntime_typeinfo.h(120): error 129: (Error -- declaration expected, identifier 'WARNING' ignored)
C:\Program Files (x86)\Microsoft Visual Studio\2017\Community\VC\Tools\MSVC\14.16.27023\include\vcruntime_typeinfo.h(120): error 129: (Error -- declaration expected, identifier 'C4005' ignored)
C:\Program Files (x86)\Microsoft Visual Studio\2017\Community\VC\Tools\MSVC\14.16.27023\include\vcruntime_typeinfo.h(120): error 129: (Error -- declaration expected, identifier 'std' ignored)
C:\Program Files (x86)\Microsoft Visual Studio\2017\Community\VC\Tools\MSVC\14.16.27023\include\vcruntime_typeinfo.h(120): error 10: (Error -- Expecting identifier or other declarator)
#... C4005
#... std {
 _STD_BEGIN
C:\Program Files (x86)\Microsoft Visual Studio\2017\Community\VC\Tools\MSVC\14.16.27023\include\typeinfo(35): error 129: (Error -- declaration expected, identifier 'EMIT' ignored)
#... std {
 _STD_BEGIN
C:\Program Files (x86)\Microsoft Visual Studio\2017\Community\VC\Tools\MSVC\14.16.27023\include\typeinfo(35): error 129: (Error -- declaration expected, identifier 'WARNING' ignored)
#... {
 _STD_BEGIN
C:\Program Files (x86)\Microsoft Visual Studio\2017\Community\VC\Tools\MSVC\14.16.27023\include\typeinfo(35): error 129: (Error -- declaration expected, identifier 'C4005' ignored)
 _STD_BEGIN
C:\Program Files (x86)\Microsoft Visual Studio\2017\Community\VC\Tools\MSVC\14.16.27023\include\typeinfo(35): error 129: (Error -- declaration expected, identifier 'std' ignored)
C:\Program Files (x86)\Microsoft Visual Studio\2017\Community\VC\Tools\MSVC\14.16.27023\include\typeinfo(35): error 10: (Error -- Expecting identifier or other declarator)
{
C:\Users\John\Documents\Libraries\Projects\Cryptography\C Projects\MPKCM13T119\MPKCM13T119\common.h(167): error 10: (Error -- Expecting identifier or other declarator)
} mqc_status;
C:\Users\John\Documents\Libraries\Projects\Cryptography\C Projects\MPKCM13T119\MPKCM13T119\common.h(175): error 129: (Error -- declaration expected, identifier 'mqc_status' ignored)
mqc_status crypto_kem_dec(uint8_t* ss, const uint8_t* ct, const uint8_t* sk);
C:\Users\John\Documents\Libraries\Projects\Cryptography\C Projects\MPKCM13T119\MPKCM13T119\kem.h(52): error 129: (Error -- declaration expected, identifier 'mqc_status' ignored)
C:\Users\John\Documents\Libraries\Projects\Cryptography\C Projects\MPKCM13T119\MPKCM13T119\kem.h(52): error 129: (Error -- declaration expected, identifier 'crypto_kem_dec' ignored)
C:\Users\John\Documents\Libraries\Projects\Cryptography\C Projects\MPKCM13T119\MPKCM13T119\kem.h(52): error 129: (Error -- declaration expected, identifier 'ss' ignored)
C:\Users\John\Documents\Libraries\Projects\Cryptography\C Projects\MPKCM13T119\MPKCM13T119\kem.h(52): error 10: (Error -- Expecting identifier or other declarator)
C:\Users\John\Documents\Libraries\Projects\Cryptography\C Projects\MPKCM13T119\MPKCM13T119\kem.h(52): error 129: (Error -- declaration expected, identifier 'ct' ignored)
C:\Users\John\Documents\Libraries\Projects\Cryptography\C Projects\MPKCM13T119\MPKCM13T119\kem.h(52): error 10: (Error -- Expecting identifier or other declarator)
C:\Users\John\Documents\Libraries\Projects\Cryptography\C Projects\MPKCM13T119\MPKCM13T119\kem.h(52): error 129: (Error -- declaration expected, identifier 'sk' ignored)
C:\Users\John\Documents\Libraries\Projects\Cryptography\C Projects\MPKCM13T119\MPKCM13T119\kem.h(52): error 10: (Error -- Expecting identifier or other declarator)
mqc_status crypto_kem_enc(uint8_t* ct, uint8_t* ss, const uint8_t* pk);
C:\Users\John\Documents\Libraries\Projects\Cryptography\C Projects\MPKCM13T119\MPKCM13T119\kem.h(62): error 129: (Error -- declaration expected, identifier 'mqc_status' ignored)
C:\Users\John\Documents\Libraries\Projects\Cryptography\C Projects\MPKCM13T119\MPKCM13T119\kem.h(62): error 129: (Error -- declaration expected, identifier 'crypto_kem_enc' ignored)
C:\Users\John\Documents\Libraries\Projects\Cryptography\C Projects\MPKCM13T119\MPKCM13T119\kem.h(62): error 129: (Error -- declaration expected, identifier 'ct' ignored)
C:\Users\John\Documents\Libraries\Projects\Cryptography\C Projects\MPKCM13T119\MPKCM13T119\kem.h(62): error 129: (Error -- declaration expected, identifier 'ss' ignored)
C:\Users\John\Documents\Libraries\Projects\Cryptography\C Projects\MPKCM13T119\MPKCM13T119\kem.h(62): error 10: (Error -- Expecting identifier or other declarator)
C:\Users\John\Documents\Libraries\Projects\Cryptography\C Projects\MPKCM13T119\MPKCM13T119\kem.h(62): error 129: (Error -- declaration expected, identifier 'pk' ignored)
C:\Users\John\Documents\Libraries\Projects\Cryptography\C Projects\MPKCM13T119\MPKCM13T119\kem.h(62): error 10: (Error -- Expecting identifier or other declarator)
mqc_status crypto_kem_keypair(uint8_t* pk, uint8_t* sk);
C:\Users\John\Documents\Libraries\Projects\Cryptography\C Projects\MPKCM13T119\MPKCM13T119\kem.h(71): error 129: (Error -- declaration expected, identifier 'mqc_status' ignored)
C:\Users\John\Documents\Libraries\Projects\Cryptography\C Projects\MPKCM13T119\MPKCM13T119\kem.h(71): error 129: (Error -- declaration expected, identifier 'crypto_kem_keypair' ignored)
C:\Users\John\Documents\Libraries\Projects\Cryptography\C Projects\MPKCM13T119\MPKCM13T119\kem.h(71): error 129: (Error -- declaration expected, identifier 'pk' ignored)
C:\Users\John\Documents\Libraries\Projects\Cryptography\C Projects\MPKCM13T119\MPKCM13T119\kem.h(71): error 129: (Error -- declaration expected, identifier 'sk' ignored)
C:\Users\John\Documents\Libraries\Projects\Cryptography\C Projects\MPKCM13T119\MPKCM13T119\kem.h(71): error 10: (Error -- Expecting identifier or other declarator)
#include "common.h"
C:\Users\John\Documents\Libraries\Projects\Cryptography\C Projects\MPKCM13T119\MPKCM13T119\sysrand.h(14): error 537: (Warning -- Repeated include file 'C:\Users\John\Documents\Libraries\Projects\Cryptography\C Projects\MPKCM13T119\MPKCM13T119\common.h')
mqc_status sysrand_getbytes(uint8_t* buffer, size_t length);
C:\Users\John\Documents\Libraries\Projects\Cryptography\C Projects\MPKCM13T119\MPKCM13T119\sysrand.h(23): error 129: (Error -- declaration expected, identifier 'mqc_status' ignored)
C:\Users\John\Documents\Libraries\Projects\Cryptography\C Projects\MPKCM13T119\MPKCM13T119\sysrand.h(23): error 129: (Error -- declaration expected, identifier 'sysrand_getbytes' ignored)
C:\Users\John\Documents\Libraries\Projects\Cryptography\C Projects\MPKCM13T119\MPKCM13T119\sysrand.h(23): error 129: (Error -- declaration expected, identifier 'buffer' ignored)
C:\Users\John\Documents\Libraries\Projects\Cryptography\C Projects\MPKCM13T119\MPKCM13T119\sysrand.h(23): error 10: (Error -- Expecting identifier or other declarator)
C:\Users\John\Documents\Libraries\Projects\Cryptography\C Projects\MPKCM13T119\MPKCM13T119\sysrand.h(23): error 129: (Error -- declaration expected, identifier 'size_t' ignored)
C:\Users\John\Documents\Libraries\Projects\Cryptography\C Projects\MPKCM13T119\MPKCM13T119\sysrand.h(23): error 129: (Error -- declaration expected, identifier 'length' ignored)
C:\Users\John\Documents\Libraries\Projects\Cryptography\C Projects\MPKCM13T119\MPKCM13T119\sysrand.h(23): error 10: (Error -- Expecting identifier or other declarator)
#include "common.h"
C:\Users\John\Documents\Libraries\Projects\Cryptography\C Projects\MPKCM13T119\MPKCM13T119\util.h(8): error 537: (Warning -- Repeated include file 'C:\Users\John\Documents\Libraries\Projects\Cryptography\C Projects\MPKCM13T119\MPKCM13T119\common.h')
#include "common.h"
C:\Users\John\Documents\Libraries\Projects\Cryptography\C Projects\MPKCM13T119\MPKCM13T119\gf.h(8): error 537: (Warning -- Repeated include file 'C:\Users\John\Documents\Libraries\Projects\Cryptography\C Projects\MPKCM13T119\MPKCM13T119\common.h')
typedef uint16_t gf;
C:\Users\John\Documents\Libraries\Projects\Cryptography\C Projects\MPKCM13T119\MPKCM13T119\gf.h(10): error 129: (Error -- declaration expected, identifier 'gf' ignored)
gf gf_iszero(gf a);
C:\Users\John\Documents\Libraries\Projects\Cryptography\C Projects\MPKCM13T119\MPKCM13T119\gf.h(12): error 129: (Error -- declaration expected, identifier 'gf' ignored)
C:\Users\John\Documents\Libraries\Projects\Cryptography\C Projects\MPKCM13T119\MPKCM13T119\gf.h(12): error 129: (Error -- declaration expected, identifier 'gf_iszero' ignored)
C:\Users\John\Documents\Libraries\Projects\Cryptography\C Projects\MPKCM13T119\MPKCM13T119\gf.h(12): error 129: (Error -- declaration expected, identifier 'gf' ignored)
C:\Users\John\Documents\Libraries\Projects\Cryptography\C Projects\MPKCM13T119\MPKCM13T119\gf.h(12): error 129: (Error -- declaration expected, identifier 'a' ignored)
C:\Users\John\Documents\Libraries\Projects\Cryptography\C Projects\MPKCM13T119\MPKCM13T119\gf.h(12): error 10: (Error -- Expecting identifier or other declarator)
gf gf_add(gf in0, gf in1);
C:\Users\John\Documents\Libraries\Projects\Cryptography\C Projects\MPKCM13T119\MPKCM13T119\gf.h(13): error 129: (Error -- declaration expected, identifier 'gf' ignored)
C:\Users\John\Documents\Libraries\Projects\Cryptography\C Projects\MPKCM13T119\MPKCM13T119\gf.h(13): error 129: (Error -- declaration expected, identifier 'gf_add' ignored)
C:\Users\John\Documents\Libraries\Projects\Cryptography\C Projects\MPKCM13T119\MPKCM13T119\gf.h(13): error 129: (Error -- declaration expected, identifier 'gf' ignored)
C:\Users\John\Documents\Libraries\Projects\Cryptography\C Projects\MPKCM13T119\MPKCM13T119\gf.h(13): error 129: (Error -- declaration expected, identifier 'in0' ignored)
C:\Users\John\Documents\Libraries\Projects\Cryptography\C Projects\MPKCM13T119\MPKCM13T119\gf.h(13): error 129: (Error -- declaration expected, identifier 'gf' ignored)
C:\Users\John\Documents\Libraries\Projects\Cryptography\C Projects\MPKCM13T119\MPKCM13T119\gf.h(13): error 129: (Error -- declaration expected, identifier 'in1' ignored)
C:\Users\John\Documents\Libraries\Projects\Cryptography\C Projects\MPKCM13T119\MPKCM13T119\gf.h(13): error 10: (Error -- Expecting identifier or other declarator)
gf gf_mul(gf in0, gf in1);
C:\Users\John\Documents\Libraries\Projects\Cryptography\C Projects\MPKCM13T119\MPKCM13T119\gf.h(14): error 129: (Error -- declaration expected, identifier 'gf' ignored)
C:\Users\John\Documents\Libraries\Projects\Cryptography\C Projects\MPKCM13T119\MPKCM13T119\gf.h(14): error 129: (Error -- declaration expected, identifier 'gf_mul' ignored)
C:\Users\John\Documents\Libraries\Projects\Cryptography\C Projects\MPKCM13T119\MPKCM13T119\gf.h(14): error 129: (Error -- declaration expected, identifier 'gf' ignored)
C:\Users\John\Documents\Libraries\Projects\Cryptography\C Projects\MPKCM13T119\MPKCM13T119\gf.h(14): error 129: (Error -- declaration expected, identifier 'in0' ignored)
C:\Users\John\Documents\Libraries\Projects\Cryptography\C Projects\MPKCM13T119\MPKCM13T119\gf.h(14): error 129: (Error -- declaration expected, identifier 'gf' ignored)
C:\Users\John\Documents\Libraries\Projects\Cryptography\C Projects\MPKCM13T119\MPKCM13T119\gf.h(14): error 129: (Error -- declaration expected, identifier 'in1' ignored)
C:\Users\John\Documents\Libraries\Projects\Cryptography\C Projects\MPKCM13T119\MPKCM13T119\gf.h(14): error 10: (Error -- Expecting identifier or other declarator)
gf gf_frac(gf den, gf num);
C:\Users\John\Documents\Libraries\Projects\Cryptography\C Projects\MPKCM13T119\MPKCM13T119\gf.h(15): error 129: (Error -- declaration expected, identifier 'gf' ignored)
C:\Users\John\Documents\Libraries\Projects\Cryptography\C Projects\MPKCM13T119\MPKCM13T119\gf.h(15): error 129: (Error -- declaration expected, identifier 'gf_frac' ignored)
C:\Users\John\Documents\Libraries\Projects\Cryptography\C Projects\MPKCM13T119\MPKCM13T119\gf.h(15): error 129: (Error -- declaration expected, identifier 'gf' ignored)
C:\Users\John\Documents\Libraries\Projects\Cryptography\C Projects\MPKCM13T119\MPKCM13T119\gf.h(15): error 129: (Error -- declaration expected, identifier 'den' ignored)
C:\Users\John\Documents\Libraries\Projects\Cryptography\C Projects\MPKCM13T119\MPKCM13T119\gf.h(15): error 129: (Error -- declaration expected, identifier 'gf' ignored)
C:\Users\John\Documents\Libraries\Projects\Cryptography\C Projects\MPKCM13T119\MPKCM13T119\gf.h(15): error 129: (Error -- declaration expected, identifier 'num' ignored)
C:\Users\John\Documents\Libraries\Projects\Cryptography\C Projects\MPKCM13T119\MPKCM13T119\gf.h(15): error 10: (Error -- Expecting identifier or other declarator)
gf gf_inv(gf den);
C:\Users\John\Documents\Libraries\Projects\Cryptography\C Projects\MPKCM13T119\MPKCM13T119\gf.h(16): error 129: (Error -- declaration expected, identifier 'gf' ignored)
C:\Users\John\Documents\Libraries\Projects\Cryptography\C Projects\MPKCM13T119\MPKCM13T119\gf.h(16): error 129: (Error -- declaration expected, identifier 'gf_inv' ignored)
C:\Users\John\Documents\Libraries\Projects\Cryptography\C Projects\MPKCM13T119\MPKCM13T119\gf.h(16): error 129: (Error -- declaration expected, identifier 'gf' ignored)
C:\Users\John\Documents\Libraries\Projects\Cryptography\C Projects\MPKCM13T119\MPKCM13T119\gf.h(16): error 129: (Error -- declaration expected, identifier 'den' ignored)
void GF_mul(gf* out, gf* in0, gf* in1);
C:\Users\John\Documents\Libraries\Projects\Cryptography\C Projects\MPKCM13T119\MPKCM13T119\gf.h(17): error 129: (Error -- declaration expected, identifier 'GF_mul' ignored)
C:\Users\John\Documents\Libraries\Projects\Cryptography\C Projects\MPKCM13T119\MPKCM13T119\gf.h(17): error 129: (Error -- declaration expected, identifier 'gf' ignored)
C:\Users\John\Documents\Libraries\Projects\Cryptography\C Projects\MPKCM13T119\MPKCM13T119\gf.h(17): error 129: (Error -- declaration expected, identifier 'out' ignored)
C:\Users\John\Documents\Libraries\Projects\Cryptography\C Projects\MPKCM13T119\MPKCM13T119\gf.h(17): error 129: (Error -- declaration expected, identifier 'gf' ignored)
C:\Users\John\Documents\Libraries\Projects\Cryptography\C Projects\MPKCM13T119\MPKCM13T119\gf.h(17): error 129: (Error -- declaration expected, identifier 'in0' ignored)
C:\Users\John\Documents\Libraries\Projects\Cryptography\C Projects\MPKCM13T119\MPKCM13T119\gf.h(17): error 10: (Error -- Expecting identifier or other declarator)
C:\Users\John\Documents\Libraries\Projects\Cryptography\C Projects\MPKCM13T119\MPKCM13T119\gf.h(17): error 129: (Error -- declaration expected, identifier 'gf' ignored)
C:\Users\John\Documents\Libraries\Projects\Cryptography\C Projects\MPKCM13T119\MPKCM13T119\gf.h(17): error 129: (Error -- declaration expected, identifier 'in1' ignored)
C:\Users\John\Documents\Libraries\Projects\Cryptography\C Projects\MPKCM13T119\MPKCM13T119\gf.h(17): error 10: (Error -- Expecting identifier or other declarator)
void store2(uint8_t* dest, gf a);
C:\Users\John\Documents\Libraries\Projects\Cryptography\C Projects\MPKCM13T119\MPKCM13T119\util.h(11): error 129: (Error -- declaration expected, identifier 'store2' ignored)
C:\Users\John\Documents\Libraries\Projects\Cryptography\C Projects\MPKCM13T119\MPKCM13T119\util.h(11): error 129: (Error -- declaration expected, identifier 'dest' ignored)
C:\Users\John\Documents\Libraries\Projects\Cryptography\C Projects\MPKCM13T119\MPKCM13T119\util.h(11): error 10: (Error -- Expecting identifier or other declarator)
C:\Users\John\Documents\Libraries\Projects\Cryptography\C Projects\MPKCM13T119\MPKCM13T119\util.h(11): error 129: (Error -- declaration expected, identifier 'gf' ignored)
C:\Users\John\Documents\Libraries\Projects\Cryptography\C Projects\MPKCM13T119\MPKCM13T119\util.h(11): error 129: (Error -- declaration expected, identifier 'a' ignored)
C:\Users\John\Documents\Libraries\Projects\Cryptography\C Projects\MPKCM13T119\MPKCM13T119\util.h(11): error 10: (Error -- Expecting identifier or other declarator)
#... MIT WARNING C4005
uint16_t load2(const uint8_t* src);
C:\Users\John\Documents\Libraries\Projects\Cryptography\C Projects\MPKCM13T119\MPKCM13T119\util.h(13): error 129: (Error -- declaration expected, identifier 'load2' ignored)
uint16_t load2(const uint8_t* src);
C:\Users\John\Documents\Libraries\Projects\Cryptography\C Projects\MPKCM13T119\MPKCM13T119\util.h(13): error 129: (Error -- declaration expected, identifier 'src' ignored)
void store8(uint8_t* out, uint64_t in);
C:\Users\John\Documents\Libraries\Projects\Cryptography\C Projects\MPKCM13T119\MPKCM13T119\util.h(15): error 129: (Error -- declaration expected, identifier 'store8' ignored)
C:\Users\John\Documents\Libraries\Projects\Cryptography\C Projects\MPKCM13T119\MPKCM13T119\util.h(15): error 129: (Error -- declaration expected, identifier 'out' ignored)
C:\Users\John\Documents\Libraries\Projects\Cryptography\C Projects\MPKCM13T119\MPKCM13T119\util.h(15): error 129: (Error -- declaration expected, identifier 'in' ignored)
C:\Users\John\Documents\Libraries\Projects\Cryptography\C Projects\MPKCM13T119\MPKCM13T119\util.h(15): error 10: (Error -- Expecting identifier or other declarator)
#... MIT WARNING C4005
uint64_t load8(const uint8_t* in);
C:\Users\John\Documents\Libraries\Projects\Cryptography\C Projects\MPKCM13T119\MPKCM13T119\util.h(17): error 129: (Error -- declaration expected, identifier 'load8' ignored)
uint64_t load8(const uint8_t* in);
C:\Users\John\Documents\Libraries\Projects\Cryptography\C Projects\MPKCM13T119\MPKCM13T119\util.h(17): error 129: (Error -- declaration expected, identifier 'in' ignored)
gf bitrev(gf a);
C:\Users\John\Documents\Libraries\Projects\Cryptography\C Projects\MPKCM13T119\MPKCM13T119\util.h(19): error 129: (Error -- declaration expected, identifier 'gf' ignored)
C:\Users\John\Documents\Libraries\Projects\Cryptography\C Projects\MPKCM13T119\MPKCM13T119\util.h(19): error 129: (Error -- declaration expected, identifier 'bitrev' ignored)
C:\Users\John\Documents\Libraries\Projects\Cryptography\C Projects\MPKCM13T119\MPKCM13T119\util.h(19): error 129: (Error -- declaration expected, identifier 'gf' ignored)
C:\Users\John\Documents\Libraries\Projects\Cryptography\C Projects\MPKCM13T119\MPKCM13T119\util.h(19): error 129: (Error -- declaration expected, identifier 'a' ignored)
void clear8(uint8_t* a, size_t count);
C:\Users\John\Documents\Libraries\Projects\Cryptography\C Projects\MPKCM13T119\MPKCM13T119\util.h(21): error 129: (Error -- declaration expected, identifier 'clear8' ignored)
C:\Users\John\Documents\Libraries\Projects\Cryptography\C Projects\MPKCM13T119\MPKCM13T119\util.h(21): error 129: (Error -- declaration expected, identifier 'a' ignored)
C:\Users\John\Documents\Libraries\Projects\Cryptography\C Projects\MPKCM13T119\MPKCM13T119\util.h(21): error 129: (Error -- declaration expected, identifier 'size_t' ignored)
C:\Users\John\Documents\Libraries\Projects\Cryptography\C Projects\MPKCM13T119\MPKCM13T119\util.h(21): error 129: (Error -- declaration expected, identifier 'count' ignored)
C:\Users\John\Documents\Libraries\Projects\Cryptography\C Projects\MPKCM13T119\MPKCM13T119\util.h(21): error 10: (Error -- Expecting identifier or other declarator)
void clear32(uint32_t* a, size_t count);
C:\Users\John\Documents\Libraries\Projects\Cryptography\C Projects\MPKCM13T119\MPKCM13T119\util.h(23): error 129: (Error -- declaration expected, identifier 'clear32' ignored)
C:\Users\John\Documents\Libraries\Projects\Cryptography\C Projects\MPKCM13T119\MPKCM13T119\util.h(23): error 129: (Error -- declaration expected, identifier 'a' ignored)
C:\Users\John\Documents\Libraries\Projects\Cryptography\C Projects\MPKCM13T119\MPKCM13T119\util.h(23): error 129: (Error -- declaration expected, identifier 'size_t' ignored)
C:\Users\John\Documents\Libraries\Projects\Cryptography\C Projects\MPKCM13T119\MPKCM13T119\util.h(23): error 129: (Error -- declaration expected, identifier 'count' ignored)
C:\Users\John\Documents\Libraries\Projects\Cryptography\C Projects\MPKCM13T119\MPKCM13T119\util.h(23): error 10: (Error -- Expecting identifier or other declarator)
void clear64(uint64_t* a, size_t count);
C:\Users\John\Documents\Libraries\Projects\Cryptography\C Projects\MPKCM13T119\MPKCM13T119\util.h(25): error 129: (Error -- declaration expected, identifier 'clear64' ignored)
C:\Users\John\Documents\Libraries\Projects\Cryptography\C Projects\MPKCM13T119\MPKCM13T119\util.h(25): error 129: (Error -- declaration expected, identifier 'a' ignored)
C:\Users\John\Documents\Libraries\Projects\Cryptography\C Projects\MPKCM13T119\MPKCM13T119\util.h(25): error 129: (Error -- declaration expected, identifier 'size_t' ignored)
C:\Users\John\Documents\Libraries\Projects\Cryptography\C Projects\MPKCM13T119\MPKCM13T119\util.h(25): error 129: (Error -- declaration expected, identifier 'count' ignored)
C:\Users\John\Documents\Libraries\Projects\Cryptography\C Projects\MPKCM13T119\MPKCM13T119\util.h(25): error 10: (Error -- Expecting identifier or other declarator)
#...  EMIT WARNING C4005
uint32_t le8to32(const uint8_t* input);
C:\Users\John\Documents\Libraries\Projects\Cryptography\C Projects\MPKCM13T119\MPKCM13T119\util.h(27): error 129: (Error -- declaration expected, identifier 'le8to32' ignored)
uint32_t le8to32(const uint8_t* input);
C:\Users\John\Documents\Libraries\Projects\Cryptography\C Projects\MPKCM13T119\MPKCM13T119\util.h(27): error 129: (Error -- declaration expected, identifier 'input' ignored)
#...  EMIT WARNING C4005
uint64_t le8to64(const uint8_t* input);
C:\Users\John\Documents\Libraries\Projects\Cryptography\C Projects\MPKCM13T119\MPKCM13T119\util.h(29): error 129: (Error -- declaration expected, identifier 'le8to64' ignored)
uint64_t le8to64(const uint8_t* input);
C:\Users\John\Documents\Libraries\Projects\Cryptography\C Projects\MPKCM13T119\MPKCM13T119\util.h(29): error 129: (Error -- declaration expected, identifier 'input' ignored)
void le32to8(uint8_t* output, uint32_t value);
C:\Users\John\Documents\Libraries\Projects\Cryptography\C Projects\MPKCM13T119\MPKCM13T119\util.h(31): error 129: (Error -- declaration expected, identifier 'le32to8' ignored)
C:\Users\John\Documents\Libraries\Projects\Cryptography\C Projects\MPKCM13T119\MPKCM13T119\util.h(31): error 129: (Error -- declaration expected, identifier 'output' ignored)
C:\Users\John\Documents\Libraries\Projects\Cryptography\C Projects\MPKCM13T119\MPKCM13T119\util.h(31): error 129: (Error -- declaration expected, identifier 'value' ignored)
C:\Users\John\Documents\Libraries\Projects\Cryptography\C Projects\MPKCM13T119\MPKCM13T119\util.h(31): error 10: (Error -- Expecting identifier or other declarator)
void le64to8(uint8_t* output, uint64_t value);
C:\Users\John\Documents\Libraries\Projects\Cryptography\C Projects\MPKCM13T119\MPKCM13T119\util.h(33): error 129: (Error -- declaration expected, identifier 'le64to8' ignored)
C:\Users\John\Documents\Libraries\Projects\Cryptography\C Projects\MPKCM13T119\MPKCM13T119\util.h(33): error 129: (Error -- declaration expected, identifier 'output' ignored)
C:\Users\John\Documents\Libraries\Projects\Cryptography\C Projects\MPKCM13T119\MPKCM13T119\util.h(33): error 129: (Error -- declaration expected, identifier 'value' ignored)
C:\Users\John\Documents\Libraries\Projects\Cryptography\C Projects\MPKCM13T119\MPKCM13T119\util.h(33): error 10: (Error -- Expecting identifier or other declarator)
uint32_t rotl32(uint32_t value, uint32_t shift);
C:\Users\John\Documents\Libraries\Projects\Cryptography\C Projects\MPKCM13T119\MPKCM13T119\util.h(35): error 129: (Error -- declaration expected, identifier 'rotl32' ignored)
C:\Users\John\Documents\Libraries\Projects\Cryptography\C Projects\MPKCM13T119\MPKCM13T119\util.h(35): error 129: (Error -- declaration expected, identifier 'value' ignored)
C:\Users\John\Documents\Libraries\Projects\Cryptography\C Projects\MPKCM13T119\MPKCM13T119\util.h(35): error 129: (Error -- declaration expected, identifier 'shift' ignored)
C:\Users\John\Documents\Libraries\Projects\Cryptography\C Projects\MPKCM13T119\MPKCM13T119\util.h(35): error 10: (Error -- Expecting identifier or other declarator)
uint64_t rotL64(uint64_t value, uint32_t shift);
C:\Users\John\Documents\Libraries\Projects\Cryptography\C Projects\MPKCM13T119\MPKCM13T119\util.h(37): error 129: (Error -- declaration expected, identifier 'rotL64' ignored)
C:\Users\John\Documents\Libraries\Projects\Cryptography\C Projects\MPKCM13T119\MPKCM13T119\util.h(37): error 129: (Error -- declaration expected, identifier 'value' ignored)
C:\Users\John\Documents\Libraries\Projects\Cryptography\C Projects\MPKCM13T119\MPKCM13T119\util.h(37): error 129: (Error -- declaration expected, identifier 'shift' ignored)
C:\Users\John\Documents\Libraries\Projects\Cryptography\C Projects\MPKCM13T119\MPKCM13T119\util.h(37): error 10: (Error -- Expecting identifier or other declarator)
uint32_t rotr32(uint32_t value, uint32_t shift);
C:\Users\John\Documents\Libraries\Projects\Cryptography\C Projects\MPKCM13T119\MPKCM13T119\util.h(39): error 129: (Error -- declaration expected, identifier 'rotr32' ignored)
C:\Users\John\Documents\Libraries\Projects\Cryptography\C Projects\MPKCM13T119\MPKCM13T119\util.h(39): error 129: (Error -- declaration expected, identifier 'value' ignored)
C:\Users\John\Documents\Libraries\Projects\Cryptography\C Projects\MPKCM13T119\MPKCM13T119\util.h(39): error 129: (Error -- declaration expected, identifier 'shift' ignored)
C:\Users\John\Documents\Libraries\Projects\Cryptography\C Projects\MPKCM13T119\MPKCM13T119\util.h(39): error 10: (Error -- Expecting identifier or other declarator)
uint64_t rotr64(uint64_t value, uint32_t shift);
C:\Users\John\Documents\Libraries\Projects\Cryptography\C Projects\MPKCM13T119\MPKCM13T119\util.h(41): error 129: (Error -- declaration expected, identifier 'rotr64' ignored)
C:\Users\John\Documents\Libraries\Projects\Cryptography\C Projects\MPKCM13T119\MPKCM13T119\util.h(41): error 129: (Error -- declaration expected, identifier 'value' ignored)
C:\Users\John\Documents\Libraries\Projects\Cryptography\C Projects\MPKCM13T119\MPKCM13T119\util.h(41): error 129: (Error -- declaration expected, identifier 'shift' ignored)
C:\Users\John\Documents\Libraries\Projects\Cryptography\C Projects\MPKCM13T119\MPKCM13T119\util.h(41): error 10: (Error -- Expecting identifier or other declarator)
#... MIT WARNING C4005
int32_t verify(const uint8_t* a, const uint8_t* b, size_t length);
C:\Users\John\Documents\Libraries\Projects\Cryptography\C Projects\MPKCM13T119\MPKCM13T119\util.h(43): error 129: (Error -- declaration expected, identifier 'verify' ignored)
int32_t verify(const uint8_t* a, const uint8_t* b, size_t length);
C:\Users\John\Documents\Libraries\Projects\Cryptography\C Projects\MPKCM13T119\MPKCM13T119\util.h(43): error 129: (Error -- declaration expected, identifier 'a' ignored)
C:\Users\John\Documents\Libraries\Projects\Cryptography\C Projects\MPKCM13T119\MPKCM13T119\util.h(43): error 129: (Error -- declaration expected, identifier 'b' ignored)
C:\Users\John\Documents\Libraries\Projects\Cryptography\C Projects\MPKCM13T119\MPKCM13T119\util.h(43): error 10: (Error -- Expecting identifier or other declarator)
C:\Users\John\Documents\Libraries\Projects\Cryptography\C Projects\MPKCM13T119\MPKCM13T119\util.h(43): error 129: (Error -- declaration expected, identifier 'size_t' ignored)
C:\Users\John\Documents\Libraries\Projects\Cryptography\C Projects\MPKCM13T119\MPKCM13T119\util.h(43): error 129: (Error -- declaration expected, identifier 'length' ignored)
C:\Users\John\Documents\Libraries\Projects\Cryptography\C Projects\MPKCM13T119\MPKCM13T119\util.h(43): error 10: (Error -- Expecting identifier or other declarator)
    getwchar();
C:\Users\John\Documents\Libraries\Projects\Cryptography\C Projects\MPKCM13T119\MPKCM13T119\MPKCM13T119.cpp(24): error 1055: (Error -- Symbol 'getwchar' undeclared, assumed to return int)
C:\Users\John\Documents\Libraries\Projects\Cryptography\C Projects\MPKCM13T119\MPKCM13T119\MPKCM13T119.cpp(24): error 534: (Warning -- Ignoring return value of function 'getwchar()' (compare with line 24) [Encompasses MISRA 2004 Rule 16.10, required], [MISRA 2012 Directive 4.7, required], [MISRA 2012 Rule 17.7, required])
C:\Users\John\Documents\Libraries\Projects\Cryptography\C Projects\MPKCM13T119\MPKCM13T119\MPKCM13T119.cpp(24): error 830: (Info -- Location cited in prior message)
}
C:\Users\John\Documents\Libraries\Projects\Cryptography\C Projects\MPKCM13T119\MPKCM13T119\MPKCM13T119.cpp(25): error 533: (Warning -- function 'get_response(void)' should return a value (see line 21) [MISRA 2004 Rule 16.8, required], [MISRA 2012 Rule 17.4, mandatory])
C:\Users\John\Documents\Libraries\Projects\Cryptography\C Projects\MPKCM13T119\MPKCM13T119\MPKCM13T119.cpp(21): error 830: (Info -- Location cited in prior message)
    uint8_t keya[MCELIECE_KEY_SIZE];
C:\Users\John\Documents\Libraries\Projects\Cryptography\C Projects\MPKCM13T119\MPKCM13T119\MPKCM13T119.cpp(33): error 522: (Warning -- Highest operation, symbol reference 'uint8_t', lacks side-effects [MISRA 2004 Rule 14.2, required], [MISRA 2012 Rule 2.2, required])
C:\Users\John\Documents\Libraries\Projects\Cryptography\C Projects\MPKCM13T119\MPKCM13T119\MPKCM13T119.cpp(33): error 10: (Error -- Expecting ';')
    uint8_t keyb[MCELIECE_KEY_SIZE];
C:\Users\John\Documents\Libraries\Projects\Cryptography\C Projects\MPKCM13T119\MPKCM13T119\MPKCM13T119.cpp(34): error 522: (Warning -- Highest operation, symbol reference 'uint8_t', lacks side-effects [MISRA 2004 Rule 14.2, required], [MISRA 2012 Rule 2.2, required])
C:\Users\John\Documents\Libraries\Projects\Cryptography\C Projects\MPKCM13T119\MPKCM13T119\MPKCM13T119.cpp(34): error 10: (Error -- Expecting ';')
    uint8_t sendb[MCELIECE_CIPHERTEXT_SIZE];
C:\Users\John\Documents\Libraries\Projects\Cryptography\C Projects\MPKCM13T119\MPKCM13T119\MPKCM13T119.cpp(35): error 522: (Warning -- Highest operation, symbol reference 'uint8_t', lacks side-effects [MISRA 2004 Rule 14.2, required], [MISRA 2012 Rule 2.2, required])
C:\Users\John\Documents\Libraries\Projects\Cryptography\C Projects\MPKCM13T119\MPKCM13T119\MPKCM13T119.cpp(35): error 10: (Error -- Expecting ';')
    uint8_t sk[MCELIECE_SECRETKEY_SIZE];
C:\Users\John\Documents\Libraries\Projects\Cryptography\C Projects\MPKCM13T119\MPKCM13T119\MPKCM13T119.cpp(36): error 522: (Warning -- Highest operation, symbol reference 'uint8_t', lacks side-effects [MISRA 2004 Rule 14.2, required], [MISRA 2012 Rule 2.2, required])
C:\Users\John\Documents\Libraries\Projects\Cryptography\C Projects\MPKCM13T119\MPKCM13T119\MPKCM13T119.cpp(36): error 10: (Error -- Expecting ';')
    size_t i;
C:\Users\John\Documents\Libraries\Projects\Cryptography\C Projects\MPKCM13T119\MPKCM13T119\MPKCM13T119.cpp(37): error 522: (Warning -- Highest operation, symbol reference 'size_t', lacks side-effects [MISRA 2004 Rule 14.2, required], [MISRA 2012 Rule 2.2, required])
C:\Users\John\Documents\Libraries\Projects\Cryptography\C Projects\MPKCM13T119\MPKCM13T119\MPKCM13T119.cpp(37): error 10: (Error -- Expecting ';')
#...  C4005
    bool state;
C:\Users\John\Documents\Libraries\Projects\Cryptography\C Projects\MPKCM13T119\MPKCM13T119\MPKCM13T119.cpp(38): error 522: (Warning -- Highest operation, symbol reference 'EMIT', lacks side-effects [MISRA 2004 Rule 14.2, required], [MISRA 2012 Rule 2.2, required])
#...  C4005
    bool state;
C:\Users\John\Documents\Libraries\Projects\Cryptography\C Projects\MPKCM13T119\MPKCM13T119\MPKCM13T119.cpp(38): error 10: (Error -- Expecting ';')
    uint8_t* pk;
C:\Users\John\Documents\Libraries\Projects\Cryptography\C Projects\MPKCM13T119\MPKCM13T119\MPKCM13T119.cpp(39): error 530: (Warning -- Symbol 'pk' (location unknown) not initialized [MISRA 2004 Rule 9.1, required], [MISRA 2012 Rule 9.1, mandatory], --- Eff. C++ 3rd Ed. item 4)
C:\Users\John\Documents\Libraries\Projects\Cryptography\C Projects\MPKCM13T119\MPKCM13T119\MPKCM13T119.cpp(39): error 522: (Warning -- Highest operation, operator '*', lacks side-effects [MISRA 2004 Rule 14.2, required], [MISRA 2012 Rule 2.2, required])
    pk = (uint8_t*)malloc(MCELIECE_PUBLICKEY_SIZE);
C:\Users\John\Documents\Libraries\Projects\Cryptography\C Projects\MPKCM13T119\MPKCM13T119\MPKCM13T119.cpp(41): error 26: (Error -- Expected an expression, found ')')
C:\Users\John\Documents\Libraries\Projects\Cryptography\C Projects\MPKCM13T119\MPKCM13T119\MPKCM13T119.cpp(41): error 110: (Error -- Attempt to assign to void)
C:\Users\John\Documents\Libraries\Projects\Cryptography\C Projects\MPKCM13T119\MPKCM13T119\MPKCM13T119.cpp(41): error 10: (Error -- Expecting ';')
    memset(pk, 0, MCELIECE_PUBLICKEY_SIZE);
C:\Users\John\Documents\Libraries\Projects\Cryptography\C Projects\MPKCM13T119\MPKCM13T119\MPKCM13T119.cpp(42): error 1055: (Error -- Symbol 'memset' undeclared, assumed to return int)
    state = true;
C:\Users\John\Documents\Libraries\Projects\Cryptography\C Projects\MPKCM13T119\MPKCM13T119\MPKCM13T119.cpp(43): error 40: (Error -- Undeclared identifier 'state' [MISRA 2004 Rule 1.2, required], [MISRA 2012 Rule 1.3, required])
C:\Users\John\Documents\Libraries\Projects\Cryptography\C Projects\MPKCM13T119\MPKCM13T119\MPKCM13T119.cpp(43): error 40: (Error -- Undeclared identifier '_Bool' [MISRA 2004 Rule 1.2, required], [MISRA 2012 Rule 1.3, required])
C:\Users\John\Documents\Libraries\Projects\Cryptography\C Projects\MPKCM13T119\MPKCM13T119\MPKCM13T119.cpp(43): error 63: (Error -- Expected an lvalue)
C:\Users\John\Documents\Libraries\Projects\Cryptography\C Projects\MPKCM13T119\MPKCM13T119\MPKCM13T119.cpp(43): error 10: (Error -- Expecting ';')
#...  C4005
    for (i = 0; i < MCELIECE_NTESTS; i++)
C:\Users\John\Documents\Libraries\Projects\Cryptography\C Projects\MPKCM13T119\MPKCM13T119\MPKCM13T119.cpp(45): error 522: (Warning -- Highest operation, symbol reference 'EMIT', lacks side-effects [MISRA 2004 Rule 14.2, required], [MISRA 2012 Rule 2.2, required])
#...  C4005
    for (i = 0; i < MCELIECE_NTESTS; i++)
C:\Users\John\Documents\Libraries\Projects\Cryptography\C Projects\MPKCM13T119\MPKCM13T119\MPKCM13T119.cpp(45): error 10: (Error -- Expecting ';')
    for (i = 0; i < MCELIECE_NTESTS; i++)
C:\Users\John\Documents\Libraries\Projects\Cryptography\C Projects\MPKCM13T119\MPKCM13T119\MPKCM13T119.cpp(45): error 40: (Error -- Undeclared identifier 'i' [MISRA 2004 Rule 1.2, required], [MISRA 2012 Rule 1.3, required])
C:\Users\John\Documents\Libraries\Projects\Cryptography\C Projects\MPKCM13T119\MPKCM13T119\MPKCM13T119.cpp(45): error 522: (Warning -- Highest operation, operator '<', lacks side-effects [MISRA 2004 Rule 14.2, required], [MISRA 2012 Rule 2.2, required])
C:\Users\John\Documents\Libraries\Projects\Cryptography\C Projects\MPKCM13T119\MPKCM13T119\MPKCM13T119.cpp(45): error 40: (Error -- Undeclared identifier 'i' [MISRA 2004 Rule 1.2, required], [MISRA 2012 Rule 1.3, required])
C:\Users\John\Documents\Libraries\Projects\Cryptography\C Projects\MPKCM13T119\MPKCM13T119\MPKCM13T119.cpp(45): error 52: (Error -- Expected an lvalue)
C:\Users\John\Documents\Libraries\Projects\Cryptography\C Projects\MPKCM13T119\MPKCM13T119\MPKCM13T119.cpp(45): error 10: (Error -- Expecting ';')
        clear8(keya, MCELIECE_KEY_SIZE);
C:\Users\John\Documents\Libraries\Projects\Cryptography\C Projects\MPKCM13T119\MPKCM13T119\MPKCM13T119.cpp(47): error 10: (Error -- Expecting a function)
C:\Users\John\Documents\Libraries\Projects\Cryptography\C Projects\MPKCM13T119\MPKCM13T119\MPKCM13T119.cpp(47): error 40: (Error -- Undeclared identifier 'keya' [MISRA 2004 Rule 1.2, required], [MISRA 2012 Rule 1.3, required])
C:\Users\John\Documents\Libraries\Projects\Cryptography\C Projects\MPKCM13T119\MPKCM13T119\MPKCM13T119.cpp(47): error 534: (Warning -- Ignoring return value of function 'clear8' (compare with location unknown) [Encompasses MISRA 2004 Rule 16.10, required], [MISRA 2012 Directive 4.7, required], [MISRA 2012 Rule 17.7, required])
C:\Users\John\Documents\Libraries\Projects\Cryptography\C Projects\MPKCM13T119\MPKCM13T119\MPKCM13T119.cpp(47): error 530: (Warning -- Symbol 'clear8' (location unknown) not initialized [MISRA 2004 Rule 9.1, required], [MISRA 2012 Rule 9.1, mandatory], --- Eff. C++ 3rd Ed. item 4)
        clear8(keyb, MCELIECE_KEY_SIZE);
C:\Users\John\Documents\Libraries\Projects\Cryptography\C Projects\MPKCM13T119\MPKCM13T119\MPKCM13T119.cpp(48): error 10: (Error -- Expecting a function)
C:\Users\John\Documents\Libraries\Projects\Cryptography\C Projects\MPKCM13T119\MPKCM13T119\MPKCM13T119.cpp(48): error 40: (Error -- Undeclared identifier 'keyb' [MISRA 2004 Rule 1.2, required], [MISRA 2012 Rule 1.3, required])
C:\Users\John\Documents\Libraries\Projects\Cryptography\C Projects\MPKCM13T119\MPKCM13T119\MPKCM13T119.cpp(48): error 534: (Warning -- Ignoring return value of function 'clear8' (compare with location unknown) [Encompasses MISRA 2004 Rule 16.10, required], [MISRA 2012 Directive 4.7, required], [MISRA 2012 Rule 17.7, required])
        clear8(pk, MCELIECE_CIPHERTEXT_SIZE);
C:\Users\John\Documents\Libraries\Projects\Cryptography\C Projects\MPKCM13T119\MPKCM13T119\MPKCM13T119.cpp(49): error 10: (Error -- Expecting a function)
C:\Users\John\Documents\Libraries\Projects\Cryptography\C Projects\MPKCM13T119\MPKCM13T119\MPKCM13T119.cpp(49): error 516: (Warning -- Symbol 'clear8' has arg. type conflict (arg. no. 1 -- void vs. int) with line 47 [MISRA 2004 Rule 8.3, required], [MISRA 2012 Rule 8.3, required], [MISRA 2012 Rule 8.4, required])
C:\Users\John\Documents\Libraries\Projects\Cryptography\C Projects\MPKCM13T119\MPKCM13T119\MPKCM13T119.cpp(47): error 830: (Info -- Location cited in prior message)
        clear8(pk, MCELIECE_CIPHERTEXT_SIZE);
C:\Users\John\Documents\Libraries\Projects\Cryptography\C Projects\MPKCM13T119\MPKCM13T119\MPKCM13T119.cpp(49): error 534: (Warning -- Ignoring return value of function 'clear8' (compare with location unknown) [Encompasses MISRA 2004 Rule 16.10, required], [MISRA 2012 Directive 4.7, required], [MISRA 2012 Rule 17.7, required])
        clear8(sendb, MCELIECE_CIPHERTEXT_SIZE);
C:\Users\John\Documents\Libraries\Projects\Cryptography\C Projects\MPKCM13T119\MPKCM13T119\MPKCM13T119.cpp(50): error 10: (Error -- Expecting a function)
C:\Users\John\Documents\Libraries\Projects\Cryptography\C Projects\MPKCM13T119\MPKCM13T119\MPKCM13T119.cpp(50): error 40: (Error -- Undeclared identifier 'sendb' [MISRA 2004 Rule 1.2, required], [MISRA 2012 Rule 1.3, required])
C:\Users\John\Documents\Libraries\Projects\Cryptography\C Projects\MPKCM13T119\MPKCM13T119\MPKCM13T119.cpp(50): error 534: (Warning -- Ignoring return value of function 'clear8' (compare with location unknown) [Encompasses MISRA 2004 Rule 16.10, required], [MISRA 2012 Directive 4.7, required], [MISRA 2012 Rule 17.7, required])
        clear8(sk, MCELIECE_SECRETKEY_SIZE);
C:\Users\John\Documents\Libraries\Projects\Cryptography\C Projects\MPKCM13T119\MPKCM13T119\MPKCM13T119.cpp(51): error 10: (Error -- Expecting a function)
C:\Users\John\Documents\Libraries\Projects\Cryptography\C Projects\MPKCM13T119\MPKCM13T119\MPKCM13T119.cpp(51): error 516: (Warning -- Symbol 'clear8' has arg. type conflict (arg. no. 1 -- void vs. int) with location unknown [MISRA 2004 Rule 8.3, required], [MISRA 2012 Rule 8.3, required], [MISRA 2012 Rule 8.4, required])
C:\Users\John\Documents\Libraries\Projects\Cryptography\C Projects\MPKCM13T119\MPKCM13T119\MPKCM13T119.cpp(51): error 534: (Warning -- Ignoring return value of function 'clear8' (compare with location unknown) [Encompasses MISRA 2004 Rule 16.10, required], [MISRA 2012 Directive 4.7, required], [MISRA 2012 Rule 17.7, required])
C:\Users\John\Documents\Libraries\Projects\Cryptography\C Projects\MPKCM13T119\MPKCM13T119\MPKCM13T119.cpp(51): error 530: (Warning -- Symbol 'sk' (location unknown) not initialized [MISRA 2004 Rule 9.1, required], [MISRA 2012 Rule 9.1, mandatory], --- Eff. C++ 3rd Ed. item 4)
        sysrand_getbytes(keyb, MCELIECE_KEY_SIZE);
C:\Users\John\Documents\Libraries\Projects\Cryptography\C Projects\MPKCM13T119\MPKCM13T119\MPKCM13T119.cpp(54): error 10: (Error -- Expecting a function)
C:\Users\John\Documents\Libraries\Projects\Cryptography\C Projects\MPKCM13T119\MPKCM13T119\MPKCM13T119.cpp(54): error 40: (Error -- Undeclared identifier 'keyb' [MISRA 2004 Rule 1.2, required], [MISRA 2012 Rule 1.3, required])
C:\Users\John\Documents\Libraries\Projects\Cryptography\C Projects\MPKCM13T119\MPKCM13T119\MPKCM13T119.cpp(54): error 530: (Warning -- Symbol 'sysrand_getbytes' (location unknown) not initialized [MISRA 2004 Rule 9.1, required], [MISRA 2012 Rule 9.1, mandatory], --- Eff. C++ 3rd Ed. item 4)
#... NING C4005
        if (crypto_kem_keypair(pk, sk) != MQC_STATUS_SUCCESS)
C:\Users\John\Documents\Libraries\Projects\Cryptography\C Projects\MPKCM13T119\MPKCM13T119\MPKCM13T119.cpp(57): error 522: (Warning -- Highest operation, symbol reference 'EMIT', lacks side-effects [MISRA 2004 Rule 14.2, required], [MISRA 2012 Rule 2.2, required])
#... NING C4005
        if (crypto_kem_keypair(pk, sk) != MQC_STATUS_SUCCESS)
C:\Users\John\Documents\Libraries\Projects\Cryptography\C Projects\MPKCM13T119\MPKCM13T119\MPKCM13T119.cpp(57): error 10: (Error -- Expecting ';')
            state = false;
C:\Users\John\Documents\Libraries\Projects\Cryptography\C Projects\MPKCM13T119\MPKCM13T119\MPKCM13T119.cpp(59): error 40: (Error -- Undeclared identifier 'state' [MISRA 2004 Rule 1.2, required], [MISRA 2012 Rule 1.3, required])
C:\Users\John\Documents\Libraries\Projects\Cryptography\C Projects\MPKCM13T119\MPKCM13T119\MPKCM13T119.cpp(59): error 40: (Error -- Undeclared identifier '_Bool' [MISRA 2004 Rule 1.2, required], [MISRA 2012 Rule 1.3, required])
C:\Users\John\Documents\Libraries\Projects\Cryptography\C Projects\MPKCM13T119\MPKCM13T119\MPKCM13T119.cpp(59): error 63: (Error -- Expected an lvalue)
C:\Users\John\Documents\Libraries\Projects\Cryptography\C Projects\MPKCM13T119\MPKCM13T119\MPKCM13T119.cpp(59): error 10: (Error -- Expecting ';')
#...  WARNING C4005
            break;
C:\Users\John\Documents\Libraries\Projects\Cryptography\C Projects\MPKCM13T119\MPKCM13T119\MPKCM13T119.cpp(60): error 522: (Warning -- Highest operation, symbol reference 'EMIT', lacks side-effects [MISRA 2004 Rule 14.2, required], [MISRA 2012 Rule 2.2, required])
#...  WARNING C4005
            break;
C:\Users\John\Documents\Libraries\Projects\Cryptography\C Projects\MPKCM13T119\MPKCM13T119\MPKCM13T119.cpp(60): error 10: (Error -- Expecting ';')
#... NING C4005
        if (crypto_kem_enc(sendb, keyb, pk) != MQC_STATUS_SUCCESS)
C:\Users\John\Documents\Libraries\Projects\Cryptography\C Projects\MPKCM13T119\MPKCM13T119\MPKCM13T119.cpp(64): error 522: (Warning -- Highest operation, symbol reference 'EMIT', lacks side-effects [MISRA 2004 Rule 14.2, required], [MISRA 2012 Rule 2.2, required])
#... NING C4005
        if (crypto_kem_enc(sendb, keyb, pk) != MQC_STATUS_SUCCESS)
C:\Users\John\Documents\Libraries\Projects\Cryptography\C Projects\MPKCM13T119\MPKCM13T119\MPKCM13T119.cpp(64): error 10: (Error -- Expecting ';')
            state = false;
C:\Users\John\Documents\Libraries\Projects\Cryptography\C Projects\MPKCM13T119\MPKCM13T119\MPKCM13T119.cpp(66): error 40: (Error -- Undeclared identifier 'state' [MISRA 2004 Rule 1.2, required], [MISRA 2012 Rule 1.3, required])
C:\Users\John\Documents\Libraries\Projects\Cryptography\C Projects\MPKCM13T119\MPKCM13T119\MPKCM13T119.cpp(66): error 40: (Error -- Undeclared identifier '_Bool' [MISRA 2004 Rule 1.2, required], [MISRA 2012 Rule 1.3, required])
C:\Users\John\Documents\Libraries\Projects\Cryptography\C Projects\MPKCM13T119\MPKCM13T119\MPKCM13T119.cpp(66): error 63: (Error -- Expected an lvalue)
C:\Users\John\Documents\Libraries\Projects\Cryptography\C Projects\MPKCM13T119\MPKCM13T119\MPKCM13T119.cpp(66): error 10: (Error -- Expecting ';')
#...  WARNING C4005
            break;
C:\Users\John\Documents\Libraries\Projects\Cryptography\C Projects\MPKCM13T119\MPKCM13T119\MPKCM13T119.cpp(67): error 522: (Warning -- Highest operation, symbol reference 'EMIT', lacks side-effects [MISRA 2004 Rule 14.2, required], [MISRA 2012 Rule 2.2, required])
#...  WARNING C4005
            break;
C:\Users\John\Documents\Libraries\Projects\Cryptography\C Projects\MPKCM13T119\MPKCM13T119\MPKCM13T119.cpp(67): error 10: (Error -- Expecting ';')
#... NING C4005
        if (crypto_kem_dec(keya, sendb, sk) != MQC_STATUS_SUCCESS)
C:\Users\John\Documents\Libraries\Projects\Cryptography\C Projects\MPKCM13T119\MPKCM13T119\MPKCM13T119.cpp(71): error 522: (Warning -- Highest operation, symbol reference 'EMIT', lacks side-effects [MISRA 2004 Rule 14.2, required], [MISRA 2012 Rule 2.2, required])
#... NING C4005
        if (crypto_kem_dec(keya, sendb, sk) != MQC_STATUS_SUCCESS)
C:\Users\John\Documents\Libraries\Projects\Cryptography\C Projects\MPKCM13T119\MPKCM13T119\MPKCM13T119.cpp(71): error 10: (Error -- Expecting ';')
            state = false;
C:\Users\John\Documents\Libraries\Projects\Cryptography\C Projects\MPKCM13T119\MPKCM13T119\MPKCM13T119.cpp(73): error 40: (Error -- Undeclared identifier 'state' [MISRA 2004 Rule 1.2, required], [MISRA 2012 Rule 1.3, required])
C:\Users\John\Documents\Libraries\Projects\Cryptography\C Projects\MPKCM13T119\MPKCM13T119\MPKCM13T119.cpp(73): error 40: (Error -- Undeclared identifier '_Bool' [MISRA 2004 Rule 1.2, required], [MISRA 2012 Rule 1.3, required])
C:\Users\John\Documents\Libraries\Projects\Cryptography\C Projects\MPKCM13T119\MPKCM13T119\MPKCM13T119.cpp(73): error 63: (Error -- Expected an lvalue)
C:\Users\John\Documents\Libraries\Projects\Cryptography\C Projects\MPKCM13T119\MPKCM13T119\MPKCM13T119.cpp(73): error 10: (Error -- Expecting ';')
#...  WARNING C4005
            break;
C:\Users\John\Documents\Libraries\Projects\Cryptography\C Projects\MPKCM13T119\MPKCM13T119\MPKCM13T119.cpp(74): error 522: (Warning -- Highest operation, symbol reference 'EMIT', lacks side-effects [MISRA 2004 Rule 14.2, required], [MISRA 2012 Rule 2.2, required])
#...  WARNING C4005
            break;
C:\Users\John\Documents\Libraries\Projects\Cryptography\C Projects\MPKCM13T119\MPKCM13T119\MPKCM13T119.cpp(74): error 10: (Error -- Expecting ';')
#... NING C4005
        if (memcmp(keya, keyb, MCELIECE_KEY_SIZE) != 0)
C:\Users\John\Documents\Libraries\Projects\Cryptography\C Projects\MPKCM13T119\MPKCM13T119\MPKCM13T119.cpp(77): error 522: (Warning -- Highest operation, symbol reference 'EMIT', lacks side-effects [MISRA 2004 Rule 14.2, required], [MISRA 2012 Rule 2.2, required])
#... NING C4005
        if (memcmp(keya, keyb, MCELIECE_KEY_SIZE) != 0)
C:\Users\John\Documents\Libraries\Projects\Cryptography\C Projects\MPKCM13T119\MPKCM13T119\MPKCM13T119.cpp(77): error 10: (Error -- Expecting ';')
            state = false;
C:\Users\John\Documents\Libraries\Projects\Cryptography\C Projects\MPKCM13T119\MPKCM13T119\MPKCM13T119.cpp(79): error 40: (Error -- Undeclared identifier 'state' [MISRA 2004 Rule 1.2, required], [MISRA 2012 Rule 1.3, required])
C:\Users\John\Documents\Libraries\Projects\Cryptography\C Projects\MPKCM13T119\MPKCM13T119\MPKCM13T119.cpp(79): error 40: (Error -- Undeclared identifier '_Bool' [MISRA 2004 Rule 1.2, required], [MISRA 2012 Rule 1.3, required])
C:\Users\John\Documents\Libraries\Projects\Cryptography\C Projects\MPKCM13T119\MPKCM13T119\MPKCM13T119.cpp(79): error 63: (Error -- Expected an lvalue)
C:\Users\John\Documents\Libraries\Projects\Cryptography\C Projects\MPKCM13T119\MPKCM13T119\MPKCM13T119.cpp(79): error 10: (Error -- Expecting ';')
#...  WARNING C4005
            break;
C:\Users\John\Documents\Libraries\Projects\Cryptography\C Projects\MPKCM13T119\MPKCM13T119\MPKCM13T119.cpp(80): error 522: (Warning -- Highest operation, symbol reference 'EMIT', lacks side-effects [MISRA 2004 Rule 14.2, required], [MISRA 2012 Rule 2.2, required])
#...  WARNING C4005
            break;
C:\Users\John\Documents\Libraries\Projects\Cryptography\C Projects\MPKCM13T119\MPKCM13T119\MPKCM13T119.cpp(80): error 10: (Error -- Expecting ';')
    free(pk);
C:\Users\John\Documents\Libraries\Projects\Cryptography\C Projects\MPKCM13T119\MPKCM13T119\MPKCM13T119.cpp(84): error 1055: (Error -- Symbol 'free' undeclared, assumed to return int)
#...  C4005
    return state;
C:\Users\John\Documents\Libraries\Projects\Cryptography\C Projects\MPKCM13T119\MPKCM13T119\MPKCM13T119.cpp(86): error 522: (Warning -- Highest operation, symbol reference 'EMIT', lacks side-effects [MISRA 2004 Rule 14.2, required], [MISRA 2012 Rule 2.2, required])
#...  C4005
    return state;
C:\Users\John\Documents\Libraries\Projects\Cryptography\C Projects\MPKCM13T119\MPKCM13T119\MPKCM13T119.cpp(86): error 10: (Error -- Expecting ';')
}
C:\Users\John\Documents\Libraries\Projects\Cryptography\C Projects\MPKCM13T119\MPKCM13T119\MPKCM13T119.cpp(87): error 533: (Warning -- function 'test_operations(void)' should return a value (see line 31) [MISRA 2004 Rule 16.8, required], [MISRA 2012 Rule 17.4, mandatory])
C:\Users\John\Documents\Libraries\Projects\Cryptography\C Projects\MPKCM13T119\MPKCM13T119\MPKCM13T119.cpp(31): error 830: (Info -- Location cited in prior message)
    uint8_t keya[MCELIECE_KEY_SIZE];
C:\Users\John\Documents\Libraries\Projects\Cryptography\C Projects\MPKCM13T119\MPKCM13T119\MPKCM13T119.cpp(95): error 522: (Warning -- Highest operation, symbol reference 'uint8_t', lacks side-effects [MISRA 2004 Rule 14.2, required], [MISRA 2012 Rule 2.2, required])
C:\Users\John\Documents\Libraries\Projects\Cryptography\C Projects\MPKCM13T119\MPKCM13T119\MPKCM13T119.cpp(95): error 10: (Error -- Expecting ';')
    uint8_t keyb[MCELIECE_KEY_SIZE];
C:\Users\John\Documents\Libraries\Projects\Cryptography\C Projects\MPKCM13T119\MPKCM13T119\MPKCM13T119.cpp(96): error 522: (Warning -- Highest operation, symbol reference 'uint8_t', lacks side-effects [MISRA 2004 Rule 14.2, required], [MISRA 2012 Rule 2.2, required])
C:\Users\John\Documents\Libraries\Projects\Cryptography\C Projects\MPKCM13T119\MPKCM13T119\MPKCM13T119.cpp(96): error 10: (Error -- Expecting ';')
    uint8_t sendb[MCELIECE_CIPHERTEXT_SIZE];
C:\Users\John\Documents\Libraries\Projects\Cryptography\C Projects\MPKCM13T119\MPKCM13T119\MPKCM13T119.cpp(97): error 522: (Warning -- Highest operation, symbol reference 'uint8_t', lacks side-effects [MISRA 2004 Rule 14.2, required], [MISRA 2012 Rule 2.2, required])
C:\Users\John\Documents\Libraries\Projects\Cryptography\C Projects\MPKCM13T119\MPKCM13T119\MPKCM13T119.cpp(97): error 10: (Error -- Expecting ';')
    uint8_t sk[MCELIECE_SECRETKEY_SIZE];
C:\Users\John\Documents\Libraries\Projects\Cryptography\C Projects\MPKCM13T119\MPKCM13T119\MPKCM13T119.cpp(98): error 522: (Warning -- Highest operation, symbol reference 'uint8_t', lacks side-effects [MISRA 2004 Rule 14.2, required], [MISRA 2012 Rule 2.2, required])
C:\Users\John\Documents\Libraries\Projects\Cryptography\C Projects\MPKCM13T119\MPKCM13T119\MPKCM13T119.cpp(98): error 10: (Error -- Expecting ';')
    size_t i;
C:\Users\John\Documents\Libraries\Projects\Cryptography\C Projects\MPKCM13T119\MPKCM13T119\MPKCM13T119.cpp(99): error 522: (Warning -- Highest operation, symbol reference 'size_t', lacks side-effects [MISRA 2004 Rule 14.2, required], [MISRA 2012 Rule 2.2, required])
C:\Users\John\Documents\Libraries\Projects\Cryptography\C Projects\MPKCM13T119\MPKCM13T119\MPKCM13T119.cpp(99): error 10: (Error -- Expecting ';')
#...  C4005
    bool state;
C:\Users\John\Documents\Libraries\Projects\Cryptography\C Projects\MPKCM13T119\MPKCM13T119\MPKCM13T119.cpp(100): error 522: (Warning -- Highest operation, symbol reference 'EMIT', lacks side-effects [MISRA 2004 Rule 14.2, required], [MISRA 2012 Rule 2.2, required])
#...  C4005
    bool state;
C:\Users\John\Documents\Libraries\Projects\Cryptography\C Projects\MPKCM13T119\MPKCM13T119\MPKCM13T119.cpp(100): error 10: (Error -- Expecting ';')
    uint8_t* pk;
C:\Users\John\Documents\Libraries\Projects\Cryptography\C Projects\MPKCM13T119\MPKCM13T119\MPKCM13T119.cpp(101): error 522: (Warning -- Highest operation, operator '*', lacks side-effects [MISRA 2004 Rule 14.2, required], [MISRA 2012 Rule 2.2, required])
    pk = (uint8_t*)malloc(MCELIECE_PUBLICKEY_SIZE);
C:\Users\John\Documents\Libraries\Projects\Cryptography\C Projects\MPKCM13T119\MPKCM13T119\MPKCM13T119.cpp(103): error 26: (Error -- Expected an expression, found ')')
C:\Users\John\Documents\Libraries\Projects\Cryptography\C Projects\MPKCM13T119\MPKCM13T119\MPKCM13T119.cpp(103): error 110: (Error -- Attempt to assign to void)
C:\Users\John\Documents\Libraries\Projects\Cryptography\C Projects\MPKCM13T119\MPKCM13T119\MPKCM13T119.cpp(103): error 10: (Error -- Expecting ';')
    state = true;
C:\Users\John\Documents\Libraries\Projects\Cryptography\C Projects\MPKCM13T119\MPKCM13T119\MPKCM13T119.cpp(105): error 40: (Error -- Undeclared identifier 'state' [MISRA 2004 Rule 1.2, required], [MISRA 2012 Rule 1.3, required])
C:\Users\John\Documents\Libraries\Projects\Cryptography\C Projects\MPKCM13T119\MPKCM13T119\MPKCM13T119.cpp(105): error 40: (Error -- Undeclared identifier '_Bool' [MISRA 2004 Rule 1.2, required], [MISRA 2012 Rule 1.3, required])
C:\Users\John\Documents\Libraries\Projects\Cryptography\C Projects\MPKCM13T119\MPKCM13T119\MPKCM13T119.cpp(105): error 63: (Error -- Expected an lvalue)
C:\Users\John\Documents\Libraries\Projects\Cryptography\C Projects\MPKCM13T119\MPKCM13T119\MPKCM13T119.cpp(105): error 10: (Error -- Expecting ';')
#...  C4005
    for (i = 0; i < MCELIECE_NTESTS; i++)
C:\Users\John\Documents\Libraries\Projects\Cryptography\C Projects\MPKCM13T119\MPKCM13T119\MPKCM13T119.cpp(107): error 522: (Warning -- Highest operation, symbol reference 'EMIT', lacks side-effects [MISRA 2004 Rule 14.2, required], [MISRA 2012 Rule 2.2, required])
#...  C4005
    for (i = 0; i < MCELIECE_NTESTS; i++)
C:\Users\John\Documents\Libraries\Projects\Cryptography\C Projects\MPKCM13T119\MPKCM13T119\MPKCM13T119.cpp(107): error 10: (Error -- Expecting ';')
    for (i = 0; i < MCELIECE_NTESTS; i++)
C:\Users\John\Documents\Libraries\Projects\Cryptography\C Projects\MPKCM13T119\MPKCM13T119\MPKCM13T119.cpp(107): error 40: (Error -- Undeclared identifier 'i' [MISRA 2004 Rule 1.2, required], [MISRA 2012 Rule 1.3, required])
C:\Users\John\Documents\Libraries\Projects\Cryptography\C Projects\MPKCM13T119\MPKCM13T119\MPKCM13T119.cpp(107): error 522: (Warning -- Highest operation, operator '<', lacks side-effects [MISRA 2004 Rule 14.2, required], [MISRA 2012 Rule 2.2, required])
C:\Users\John\Documents\Libraries\Projects\Cryptography\C Projects\MPKCM13T119\MPKCM13T119\MPKCM13T119.cpp(107): error 40: (Error -- Undeclared identifier 'i' [MISRA 2004 Rule 1.2, required], [MISRA 2012 Rule 1.3, required])
C:\Users\John\Documents\Libraries\Projects\Cryptography\C Projects\MPKCM13T119\MPKCM13T119\MPKCM13T119.cpp(107): error 52: (Error -- Expected an lvalue)
C:\Users\John\Documents\Libraries\Projects\Cryptography\C Projects\MPKCM13T119\MPKCM13T119\MPKCM13T119.cpp(107): error 10: (Error -- Expecting ';')
        clear8(keya, MCELIECE_KEY_SIZE);
C:\Users\John\Documents\Libraries\Projects\Cryptography\C Projects\MPKCM13T119\MPKCM13T119\MPKCM13T119.cpp(109): error 10: (Error -- Expecting a function)
C:\Users\John\Documents\Libraries\Projects\Cryptography\C Projects\MPKCM13T119\MPKCM13T119\MPKCM13T119.cpp(109): error 40: (Error -- Undeclared identifier 'keya' [MISRA 2004 Rule 1.2, required], [MISRA 2012 Rule 1.3, required])
        clear8(keyb, MCELIECE_KEY_SIZE);
C:\Users\John\Documents\Libraries\Projects\Cryptography\C Projects\MPKCM13T119\MPKCM13T119\MPKCM13T119.cpp(110): error 10: (Error -- Expecting a function)
C:\Users\John\Documents\Libraries\Projects\Cryptography\C Projects\MPKCM13T119\MPKCM13T119\MPKCM13T119.cpp(110): error 40: (Error -- Undeclared identifier 'keyb' [MISRA 2004 Rule 1.2, required], [MISRA 2012 Rule 1.3, required])
        clear8(pk, MCELIECE_CIPHERTEXT_SIZE);
C:\Users\John\Documents\Libraries\Projects\Cryptography\C Projects\MPKCM13T119\MPKCM13T119\MPKCM13T119.cpp(111): error 10: (Error -- Expecting a function)
C:\Users\John\Documents\Libraries\Projects\Cryptography\C Projects\MPKCM13T119\MPKCM13T119\MPKCM13T119.cpp(111): error 516: (Warning -- Symbol 'clear8' has arg. type conflict (arg. no. 1 -- void vs. int) with location unknown [MISRA 2004 Rule 8.3, required], [MISRA 2012 Rule 8.3, required], [MISRA 2012 Rule 8.4, required])
        clear8(sendb, MCELIECE_CIPHERTEXT_SIZE);
C:\Users\John\Documents\Libraries\Projects\Cryptography\C Projects\MPKCM13T119\MPKCM13T119\MPKCM13T119.cpp(112): error 10: (Error -- Expecting a function)
C:\Users\John\Documents\Libraries\Projects\Cryptography\C Projects\MPKCM13T119\MPKCM13T119\MPKCM13T119.cpp(112): error 40: (Error -- Undeclared identifier 'sendb' [MISRA 2004 Rule 1.2, required], [MISRA 2012 Rule 1.3, required])
        clear8(sk, MCELIECE_SECRETKEY_SIZE);
C:\Users\John\Documents\Libraries\Projects\Cryptography\C Projects\MPKCM13T119\MPKCM13T119\MPKCM13T119.cpp(113): error 10: (Error -- Expecting a function)
C:\Users\John\Documents\Libraries\Projects\Cryptography\C Projects\MPKCM13T119\MPKCM13T119\MPKCM13T119.cpp(113): error 516: (Warning -- Symbol 'clear8' has arg. type conflict (arg. no. 1 -- void vs. int) with location unknown [MISRA 2004 Rule 8.3, required], [MISRA 2012 Rule 8.3, required], [MISRA 2012 Rule 8.4, required])
#... NING C4005
        if (crypto_kem_keypair(pk, sk) != MQC_STATUS_SUCCESS)
C:\Users\John\Documents\Libraries\Projects\Cryptography\C Projects\MPKCM13T119\MPKCM13T119\MPKCM13T119.cpp(116): error 522: (Warning -- Highest operation, symbol reference 'EMIT', lacks side-effects [MISRA 2004 Rule 14.2, required], [MISRA 2012 Rule 2.2, required])
#... NING C4005
        if (crypto_kem_keypair(pk, sk) != MQC_STATUS_SUCCESS)
C:\Users\John\Documents\Libraries\Projects\Cryptography\C Projects\MPKCM13T119\MPKCM13T119\MPKCM13T119.cpp(116): error 10: (Error -- Expecting ';')
            state = false;
C:\Users\John\Documents\Libraries\Projects\Cryptography\C Projects\MPKCM13T119\MPKCM13T119\MPKCM13T119.cpp(118): error 40: (Error -- Undeclared identifier 'state' [MISRA 2004 Rule 1.2, required], [MISRA 2012 Rule 1.3, required])
C:\Users\John\Documents\Libraries\Projects\Cryptography\C Projects\MPKCM13T119\MPKCM13T119\MPKCM13T119.cpp(118): error 40: (Error -- Undeclared identifier '_Bool' [MISRA 2004 Rule 1.2, required], [MISRA 2012 Rule 1.3, required])
C:\Users\John\Documents\Libraries\Projects\Cryptography\C Projects\MPKCM13T119\MPKCM13T119\MPKCM13T119.cpp(118): error 63: (Error -- Expected an lvalue)
C:\Users\John\Documents\Libraries\Projects\Cryptography\C Projects\MPKCM13T119\MPKCM13T119\MPKCM13T119.cpp(118): error 10: (Error -- Expecting ';')
#...  WARNING C4005
            break;
C:\Users\John\Documents\Libraries\Projects\Cryptography\C Projects\MPKCM13T119\MPKCM13T119\MPKCM13T119.cpp(119): error 522: (Warning -- Highest operation, symbol reference 'EMIT', lacks side-effects [MISRA 2004 Rule 14.2, required], [MISRA 2012 Rule 2.2, required])
#...  WARNING C4005
            break;
C:\Users\John\Documents\Libraries\Projects\Cryptography\C Projects\MPKCM13T119\MPKCM13T119\MPKCM13T119.cpp(119): error 10: (Error -- Expecting ';')
        sysrand_getbytes(keyb, MCELIECE_KEY_SIZE);
C:\Users\John\Documents\Libraries\Projects\Cryptography\C Projects\MPKCM13T119\MPKCM13T119\MPKCM13T119.cpp(123): error 10: (Error -- Expecting a function)
C:\Users\John\Documents\Libraries\Projects\Cryptography\C Projects\MPKCM13T119\MPKCM13T119\MPKCM13T119.cpp(123): error 40: (Error -- Undeclared identifier 'keyb' [MISRA 2004 Rule 1.2, required], [MISRA 2012 Rule 1.3, required])
#... NING C4005
        if (crypto_kem_enc(sendb, keyb, pk) != MQC_STATUS_SUCCESS)
C:\Users\John\Documents\Libraries\Projects\Cryptography\C Projects\MPKCM13T119\MPKCM13T119\MPKCM13T119.cpp(126): error 522: (Warning -- Highest operation, symbol reference 'EMIT', lacks side-effects [MISRA 2004 Rule 14.2, required], [MISRA 2012 Rule 2.2, required])
#... NING C4005
        if (crypto_kem_enc(sendb, keyb, pk) != MQC_STATUS_SUCCESS)
C:\Users\John\Documents\Libraries\Projects\Cryptography\C Projects\MPKCM13T119\MPKCM13T119\MPKCM13T119.cpp(126): error 10: (Error -- Expecting ';')
            state = false;
C:\Users\John\Documents\Libraries\Projects\Cryptography\C Projects\MPKCM13T119\MPKCM13T119\MPKCM13T119.cpp(128): error 40: (Error -- Undeclared identifier 'state' [MISRA 2004 Rule 1.2, required], [MISRA 2012 Rule 1.3, required])
C:\Users\John\Documents\Libraries\Projects\Cryptography\C Projects\MPKCM13T119\MPKCM13T119\MPKCM13T119.cpp(128): error 40: (Error -- Undeclared identifier '_Bool' [MISRA 2004 Rule 1.2, required], [MISRA 2012 Rule 1.3, required])
C:\Users\John\Documents\Libraries\Projects\Cryptography\C Projects\MPKCM13T119\MPKCM13T119\MPKCM13T119.cpp(128): error 63: (Error -- Expected an lvalue)
C:\Users\John\Documents\Libraries\Projects\Cryptography\C Projects\MPKCM13T119\MPKCM13T119\MPKCM13T119.cpp(128): error 10: (Error -- Expecting ';')
#...  WARNING C4005
            break;
C:\Users\John\Documents\Libraries\Projects\Cryptography\C Projects\MPKCM13T119\MPKCM13T119\MPKCM13T119.cpp(129): error 522: (Warning -- Highest operation, symbol reference 'EMIT', lacks side-effects [MISRA 2004 Rule 14.2, required], [MISRA 2012 Rule 2.2, required])
#...  WARNING C4005
            break;
C:\Users\John\Documents\Libraries\Projects\Cryptography\C Projects\MPKCM13T119\MPKCM13T119\MPKCM13T119.cpp(129): error 10: (Error -- Expecting ';')
        sysrand_getbytes(sk, 32);
C:\Users\John\Documents\Libraries\Projects\Cryptography\C Projects\MPKCM13T119\MPKCM13T119\MPKCM13T119.cpp(133): error 10: (Error -- Expecting a function)
C:\Users\John\Documents\Libraries\Projects\Cryptography\C Projects\MPKCM13T119\MPKCM13T119\MPKCM13T119.cpp(133): error 516: (Warning -- Symbol 'sysrand_getbytes' has arg. type conflict (arg. no. 1 -- void vs. int) with line 54 [MISRA 2004 Rule 8.3, required], [MISRA 2012 Rule 8.3, required], [MISRA 2012 Rule 8.4, required])
C:\Users\John\Documents\Libraries\Projects\Cryptography\C Projects\MPKCM13T119\MPKCM13T119\MPKCM13T119.cpp(54): error 830: (Info -- Location cited in prior message)
#... NING C4005
        if (crypto_kem_dec(keya, sendb, sk) == MQC_STATUS_SUCCESS)
C:\Users\John\Documents\Libraries\Projects\Cryptography\C Projects\MPKCM13T119\MPKCM13T119\MPKCM13T119.cpp(136): error 522: (Warning -- Highest operation, symbol reference 'EMIT', lacks side-effects [MISRA 2004 Rule 14.2, required], [MISRA 2012 Rule 2.2, required])
#... NING C4005
        if (crypto_kem_dec(keya, sendb, sk) == MQC_STATUS_SUCCESS)
C:\Users\John\Documents\Libraries\Projects\Cryptography\C Projects\MPKCM13T119\MPKCM13T119\MPKCM13T119.cpp(136): error 10: (Error -- Expecting ';')
            state = false;
C:\Users\John\Documents\Libraries\Projects\Cryptography\C Projects\MPKCM13T119\MPKCM13T119\MPKCM13T119.cpp(138): error 40: (Error -- Undeclared identifier 'state' [MISRA 2004 Rule 1.2, required], [MISRA 2012 Rule 1.3, required])
C:\Users\John\Documents\Libraries\Projects\Cryptography\C Projects\MPKCM13T119\MPKCM13T119\MPKCM13T119.cpp(138): error 40: (Error -- Undeclared identifier '_Bool' [MISRA 2004 Rule 1.2, required], [MISRA 2012 Rule 1.3, required])
C:\Users\John\Documents\Libraries\Projects\Cryptography\C Projects\MPKCM13T119\MPKCM13T119\MPKCM13T119.cpp(138): error 63: (Error -- Expected an lvalue)
C:\Users\John\Documents\Libraries\Projects\Cryptography\C Projects\MPKCM13T119\MPKCM13T119\MPKCM13T119.cpp(138): error 10: (Error -- Expecting ';')
#...  WARNING C4005
            break;
C:\Users\John\Documents\Libraries\Projects\Cryptography\C Projects\MPKCM13T119\MPKCM13T119\MPKCM13T119.cpp(139): error 522: (Warning -- Highest operation, symbol reference 'EMIT', lacks side-effects [MISRA 2004 Rule 14.2, required], [MISRA 2012 Rule 2.2, required])
#...  WARNING C4005
            break;
C:\Users\John\Documents\Libraries\Projects\Cryptography\C Projects\MPKCM13T119\MPKCM13T119\MPKCM13T119.cpp(139): error 10: (Error -- Expecting ';')
#... NING C4005
        if (memcmp(keya, keyb, MCELIECE_KEY_SIZE) == 0)
C:\Users\John\Documents\Libraries\Projects\Cryptography\C Projects\MPKCM13T119\MPKCM13T119\MPKCM13T119.cpp(143): error 522: (Warning -- Highest operation, symbol reference 'EMIT', lacks side-effects [MISRA 2004 Rule 14.2, required], [MISRA 2012 Rule 2.2, required])
#... NING C4005
        if (memcmp(keya, keyb, MCELIECE_KEY_SIZE) == 0)
C:\Users\John\Documents\Libraries\Projects\Cryptography\C Projects\MPKCM13T119\MPKCM13T119\MPKCM13T119.cpp(143): error 10: (Error -- Expecting ';')
            state = false;
C:\Users\John\Documents\Libraries\Projects\Cryptography\C Projects\MPKCM13T119\MPKCM13T119\MPKCM13T119.cpp(145): error 40: (Error -- Undeclared identifier 'state' [MISRA 2004 Rule 1.2, required], [MISRA 2012 Rule 1.3, required])
C:\Users\John\Documents\Libraries\Projects\Cryptography\C Projects\MPKCM13T119\MPKCM13T119\MPKCM13T119.cpp(145): error 40: (Error -- Undeclared identifier '_Bool' [MISRA 2004 Rule 1.2, required], [MISRA 2012 Rule 1.3, required])
C:\Users\John\Documents\Libraries\Projects\Cryptography\C Projects\MPKCM13T119\MPKCM13T119\MPKCM13T119.cpp(145): error 63: (Error -- Expected an lvalue)
C:\Users\John\Documents\Libraries\Projects\Cryptography\C Projects\MPKCM13T119\MPKCM13T119\MPKCM13T119.cpp(145): error 10: (Error -- Expecting ';')
#...  WARNING C4005
            break;
C:\Users\John\Documents\Libraries\Projects\Cryptography\C Projects\MPKCM13T119\MPKCM13T119\MPKCM13T119.cpp(146): error 522: (Warning -- Highest operation, symbol reference 'EMIT', lacks side-effects [MISRA 2004 Rule 14.2, required], [MISRA 2012 Rule 2.2, required])
#...  WARNING C4005
            break;
C:\Users\John\Documents\Libraries\Projects\Cryptography\C Projects\MPKCM13T119\MPKCM13T119\MPKCM13T119.cpp(146): error 10: (Error -- Expecting ';')
#...  C4005
    return state;
C:\Users\John\Documents\Libraries\Projects\Cryptography\C Projects\MPKCM13T119\MPKCM13T119\MPKCM13T119.cpp(152): error 522: (Warning -- Highest operation, symbol reference 'EMIT', lacks side-effects [MISRA 2004 Rule 14.2, required], [MISRA 2012 Rule 2.2, required])
#...  C4005
    return state;
C:\Users\John\Documents\Libraries\Projects\Cryptography\C Projects\MPKCM13T119\MPKCM13T119\MPKCM13T119.cpp(152): error 10: (Error -- Expecting ';')
}
C:\Users\John\Documents\Libraries\Projects\Cryptography\C Projects\MPKCM13T119\MPKCM13T119\MPKCM13T119.cpp(153): error 533: (Warning -- function 'test_invalid_secretkey(void)' should return a value (see line 93) [MISRA 2004 Rule 16.8, required], [MISRA 2012 Rule 17.4, mandatory])
C:\Users\John\Documents\Libraries\Projects\Cryptography\C Projects\MPKCM13T119\MPKCM13T119\MPKCM13T119.cpp(93): error 830: (Info -- Location cited in prior message)
    uint8_t keya[MCELIECE_KEY_SIZE];
C:\Users\John\Documents\Libraries\Projects\Cryptography\C Projects\MPKCM13T119\MPKCM13T119\MPKCM13T119.cpp(161): error 522: (Warning -- Highest operation, symbol reference 'uint8_t', lacks side-effects [MISRA 2004 Rule 14.2, required], [MISRA 2012 Rule 2.2, required])
C:\Users\John\Documents\Libraries\Projects\Cryptography\C Projects\MPKCM13T119\MPKCM13T119\MPKCM13T119.cpp(161): error 10: (Error -- Expecting ';')
    uint8_t keyb[MCELIECE_KEY_SIZE];
C:\Users\John\Documents\Libraries\Projects\Cryptography\C Projects\MPKCM13T119\MPKCM13T119\MPKCM13T119.cpp(162): error 522: (Warning -- Highest operation, symbol reference 'uint8_t', lacks side-effects [MISRA 2004 Rule 14.2, required], [MISRA 2012 Rule 2.2, required])
C:\Users\John\Documents\Libraries\Projects\Cryptography\C Projects\MPKCM13T119\MPKCM13T119\MPKCM13T119.cpp(162): error 10: (Error -- Expecting ';')
    uint8_t sendb[MCELIECE_CIPHERTEXT_SIZE];
C:\Users\John\Documents\Libraries\Projects\Cryptography\C Projects\MPKCM13T119\MPKCM13T119\MPKCM13T119.cpp(163): error 522: (Warning -- Highest operation, symbol reference 'uint8_t', lacks side-effects [MISRA 2004 Rule 14.2, required], [MISRA 2012 Rule 2.2, required])
C:\Users\John\Documents\Libraries\Projects\Cryptography\C Projects\MPKCM13T119\MPKCM13T119\MPKCM13T119.cpp(163): error 10: (Error -- Expecting ';')
    uint8_t sk[MCELIECE_SECRETKEY_SIZE];
C:\Users\John\Documents\Libraries\Projects\Cryptography\C Projects\MPKCM13T119\MPKCM13T119\MPKCM13T119.cpp(164): error 522: (Warning -- Highest operation, symbol reference 'uint8_t', lacks side-effects [MISRA 2004 Rule 14.2, required], [MISRA 2012 Rule 2.2, required])
C:\Users\John\Documents\Libraries\Projects\Cryptography\C Projects\MPKCM13T119\MPKCM13T119\MPKCM13T119.cpp(164): error 10: (Error -- Expecting ';')
#...  C4005
    bool state;
C:\Users\John\Documents\Libraries\Projects\Cryptography\C Projects\MPKCM13T119\MPKCM13T119\MPKCM13T119.cpp(165): error 522: (Warning -- Highest operation, symbol reference 'EMIT', lacks side-effects [MISRA 2004 Rule 14.2, required], [MISRA 2012 Rule 2.2, required])
#...  C4005
    bool state;
C:\Users\John\Documents\Libraries\Projects\Cryptography\C Projects\MPKCM13T119\MPKCM13T119\MPKCM13T119.cpp(165): error 10: (Error -- Expecting ';')
    size_t i;
C:\Users\John\Documents\Libraries\Projects\Cryptography\C Projects\MPKCM13T119\MPKCM13T119\MPKCM13T119.cpp(166): error 522: (Warning -- Highest operation, symbol reference 'size_t', lacks side-effects [MISRA 2004 Rule 14.2, required], [MISRA 2012 Rule 2.2, required])
C:\Users\John\Documents\Libraries\Projects\Cryptography\C Projects\MPKCM13T119\MPKCM13T119\MPKCM13T119.cpp(166): error 10: (Error -- Expecting ';')
    size_t pos;
C:\Users\John\Documents\Libraries\Projects\Cryptography\C Projects\MPKCM13T119\MPKCM13T119\MPKCM13T119.cpp(167): error 522: (Warning -- Highest operation, symbol reference 'size_t', lacks side-effects [MISRA 2004 Rule 14.2, required], [MISRA 2012 Rule 2.2, required])
C:\Users\John\Documents\Libraries\Projects\Cryptography\C Projects\MPKCM13T119\MPKCM13T119\MPKCM13T119.cpp(167): error 10: (Error -- Expecting ';')
    uint8_t* pk;
C:\Users\John\Documents\Libraries\Projects\Cryptography\C Projects\MPKCM13T119\MPKCM13T119\MPKCM13T119.cpp(168): error 522: (Warning -- Highest operation, operator '*', lacks side-effects [MISRA 2004 Rule 14.2, required], [MISRA 2012 Rule 2.2, required])
    pk = (uint8_t*)malloc(MCELIECE_PUBLICKEY_SIZE);
C:\Users\John\Documents\Libraries\Projects\Cryptography\C Projects\MPKCM13T119\MPKCM13T119\MPKCM13T119.cpp(170): error 26: (Error -- Expected an expression, found ')')
C:\Users\John\Documents\Libraries\Projects\Cryptography\C Projects\MPKCM13T119\MPKCM13T119\MPKCM13T119.cpp(170): error 110: (Error -- Attempt to assign to void)
C:\Users\John\Documents\Libraries\Projects\Cryptography\C Projects\MPKCM13T119\MPKCM13T119\MPKCM13T119.cpp(170): error 10: (Error -- Expecting ';')
    state = true;
C:\Users\John\Documents\Libraries\Projects\Cryptography\C Projects\MPKCM13T119\MPKCM13T119\MPKCM13T119.cpp(172): error 40: (Error -- Undeclared identifier 'state' [MISRA 2004 Rule 1.2, required], [MISRA 2012 Rule 1.3, required])
C:\Users\John\Documents\Libraries\Projects\Cryptography\C Projects\MPKCM13T119\MPKCM13T119\MPKCM13T119.cpp(172): error 40: (Error -- Undeclared identifier '_Bool' [MISRA 2004 Rule 1.2, required], [MISRA 2012 Rule 1.3, required])
C:\Users\John\Documents\Libraries\Projects\Cryptography\C Projects\MPKCM13T119\MPKCM13T119\MPKCM13T119.cpp(172): error 63: (Error -- Expected an lvalue)
C:\Users\John\Documents\Libraries\Projects\Cryptography\C Projects\MPKCM13T119\MPKCM13T119\MPKCM13T119.cpp(172): error 10: (Error -- Expecting ';')
#...  C4005
    for (i = 0; i < MCELIECE_NTESTS; i++)
C:\Users\John\Documents\Libraries\Projects\Cryptography\C Projects\MPKCM13T119\MPKCM13T119\MPKCM13T119.cpp(174): error 522: (Warning -- Highest operation, symbol reference 'EMIT', lacks side-effects [MISRA 2004 Rule 14.2, required], [MISRA 2012 Rule 2.2, required])
#...  C4005
    for (i = 0; i < MCELIECE_NTESTS; i++)
C:\Users\John\Documents\Libraries\Projects\Cryptography\C Projects\MPKCM13T119\MPKCM13T119\MPKCM13T119.cpp(174): error 10: (Error -- Expecting ';')
    for (i = 0; i < MCELIECE_NTESTS; i++)
C:\Users\John\Documents\Libraries\Projects\Cryptography\C Projects\MPKCM13T119\MPKCM13T119\MPKCM13T119.cpp(174): error 40: (Error -- Undeclared identifier 'i' [MISRA 2004 Rule 1.2, required], [MISRA 2012 Rule 1.3, required])
C:\Users\John\Documents\Libraries\Projects\Cryptography\C Projects\MPKCM13T119\MPKCM13T119\MPKCM13T119.cpp(174): error 522: (Warning -- Highest operation, operator '<', lacks side-effects [MISRA 2004 Rule 14.2, required], [MISRA 2012 Rule 2.2, required])
C:\Users\John\Documents\Libraries\Projects\Cryptography\C Projects\MPKCM13T119\MPKCM13T119\MPKCM13T119.cpp(174): error 40: (Error -- Undeclared identifier 'i' [MISRA 2004 Rule 1.2, required], [MISRA 2012 Rule 1.3, required])
C:\Users\John\Documents\Libraries\Projects\Cryptography\C Projects\MPKCM13T119\MPKCM13T119\MPKCM13T119.cpp(174): error 52: (Error -- Expected an lvalue)
C:\Users\John\Documents\Libraries\Projects\Cryptography\C Projects\MPKCM13T119\MPKCM13T119\MPKCM13T119.cpp(174): error 10: (Error -- Expecting ';')
        clear8(keya, MCELIECE_KEY_SIZE);
C:\Users\John\Documents\Libraries\Projects\Cryptography\C Projects\MPKCM13T119\MPKCM13T119\MPKCM13T119.cpp(176): error 10: (Error -- Expecting a function)
C:\Users\John\Documents\Libraries\Projects\Cryptography\C Projects\MPKCM13T119\MPKCM13T119\MPKCM13T119.cpp(176): error 40: (Error -- Undeclared identifier 'keya' [MISRA 2004 Rule 1.2, required], [MISRA 2012 Rule 1.3, required])
        clear8(keyb, MCELIECE_KEY_SIZE);
C:\Users\John\Documents\Libraries\Projects\Cryptography\C Projects\MPKCM13T119\MPKCM13T119\MPKCM13T119.cpp(177): error 10: (Error -- Expecting a function)
C:\Users\John\Documents\Libraries\Projects\Cryptography\C Projects\MPKCM13T119\MPKCM13T119\MPKCM13T119.cpp(177): error 40: (Error -- Undeclared identifier 'keyb' [MISRA 2004 Rule 1.2, required], [MISRA 2012 Rule 1.3, required])
        clear8(pk, MCELIECE_CIPHERTEXT_SIZE);
C:\Users\John\Documents\Libraries\Projects\Cryptography\C Projects\MPKCM13T119\MPKCM13T119\MPKCM13T119.cpp(178): error 10: (Error -- Expecting a function)
C:\Users\John\Documents\Libraries\Projects\Cryptography\C Projects\MPKCM13T119\MPKCM13T119\MPKCM13T119.cpp(178): error 516: (Warning -- Symbol 'clear8' has arg. type conflict (arg. no. 1 -- void vs. int) with location unknown [MISRA 2004 Rule 8.3, required], [MISRA 2012 Rule 8.3, required], [MISRA 2012 Rule 8.4, required])
        clear8(sendb, MCELIECE_CIPHERTEXT_SIZE);
C:\Users\John\Documents\Libraries\Projects\Cryptography\C Projects\MPKCM13T119\MPKCM13T119\MPKCM13T119.cpp(179): error 10: (Error -- Expecting a function)
C:\Users\John\Documents\Libraries\Projects\Cryptography\C Projects\MPKCM13T119\MPKCM13T119\MPKCM13T119.cpp(179): error 40: (Error -- Undeclared identifier 'sendb' [MISRA 2004 Rule 1.2, required], [MISRA 2012 Rule 1.3, required])
        clear8(sk, MCELIECE_SECRETKEY_SIZE);
C:\Users\John\Documents\Libraries\Projects\Cryptography\C Projects\MPKCM13T119\MPKCM13T119\MPKCM13T119.cpp(180): error 10: (Error -- Expecting a function)
C:\Users\John\Documents\Libraries\Projects\Cryptography\C Projects\MPKCM13T119\MPKCM13T119\MPKCM13T119.cpp(180): error 516: (Warning -- Symbol 'clear8' has arg. type conflict (arg. no. 1 -- void vs. int) with location unknown [MISRA 2004 Rule 8.3, required], [MISRA 2012 Rule 8.3, required], [MISRA 2012 Rule 8.4, required])
#... NING C4005
        if (sysrand_getbytes((uint8_t*)&pos, sizeof(size_t)) != MQC_STATUS_SUCCESS)
C:\Users\John\Documents\Libraries\Projects\Cryptography\C Projects\MPKCM13T119\MPKCM13T119\MPKCM13T119.cpp(182): error 522: (Warning -- Highest operation, symbol reference 'EMIT', lacks side-effects [MISRA 2004 Rule 14.2, required], [MISRA 2012 Rule 2.2, required])
#... NING C4005
        if (sysrand_getbytes((uint8_t*)&pos, sizeof(size_t)) != MQC_STATUS_SUCCESS)
C:\Users\John\Documents\Libraries\Projects\Cryptography\C Projects\MPKCM13T119\MPKCM13T119\MPKCM13T119.cpp(182): error 10: (Error -- Expecting ';')
            state = false;
C:\Users\John\Documents\Libraries\Projects\Cryptography\C Projects\MPKCM13T119\MPKCM13T119\MPKCM13T119.cpp(184): error 40: (Error -- Undeclared identifier 'state' [MISRA 2004 Rule 1.2, required], [MISRA 2012 Rule 1.3, required])
C:\Users\John\Documents\Libraries\Projects\Cryptography\C Projects\MPKCM13T119\MPKCM13T119\MPKCM13T119.cpp(184): error 40: (Error -- Undeclared identifier '_Bool' [MISRA 2004 Rule 1.2, required], [MISRA 2012 Rule 1.3, required])
C:\Users\John\Documents\Libraries\Projects\Cryptography\C Projects\MPKCM13T119\MPKCM13T119\MPKCM13T119.cpp(184): error 63: (Error -- Expected an lvalue)
C:\Users\John\Documents\Libraries\Projects\Cryptography\C Projects\MPKCM13T119\MPKCM13T119\MPKCM13T119.cpp(184): error 10: (Error -- Expecting ';')
#...  WARNING C4005
            break;
C:\Users\John\Documents\Libraries\Projects\Cryptography\C Projects\MPKCM13T119\MPKCM13T119\MPKCM13T119.cpp(185): error 522: (Warning -- Highest operation, symbol reference 'EMIT', lacks side-effects [MISRA 2004 Rule 14.2, required], [MISRA 2012 Rule 2.2, required])
#...  WARNING C4005
            break;
C:\Users\John\Documents\Libraries\Projects\Cryptography\C Projects\MPKCM13T119\MPKCM13T119\MPKCM13T119.cpp(185): error 10: (Error -- Expecting ';')
#... NING C4005
        if (crypto_kem_keypair(pk, sk) != MQC_STATUS_SUCCESS)
C:\Users\John\Documents\Libraries\Projects\Cryptography\C Projects\MPKCM13T119\MPKCM13T119\MPKCM13T119.cpp(189): error 522: (Warning -- Highest operation, symbol reference 'EMIT', lacks side-effects [MISRA 2004 Rule 14.2, required], [MISRA 2012 Rule 2.2, required])
#... NING C4005
        if (crypto_kem_keypair(pk, sk) != MQC_STATUS_SUCCESS)
C:\Users\John\Documents\Libraries\Projects\Cryptography\C Projects\MPKCM13T119\MPKCM13T119\MPKCM13T119.cpp(189): error 10: (Error -- Expecting ';')
            state = false;
C:\Users\John\Documents\Libraries\Projects\Cryptography\C Projects\MPKCM13T119\MPKCM13T119\MPKCM13T119.cpp(191): error 40: (Error -- Undeclared identifier 'state' [MISRA 2004 Rule 1.2, required], [MISRA 2012 Rule 1.3, required])
C:\Users\John\Documents\Libraries\Projects\Cryptography\C Projects\MPKCM13T119\MPKCM13T119\MPKCM13T119.cpp(191): error 40: (Error -- Undeclared identifier '_Bool' [MISRA 2004 Rule 1.2, required], [MISRA 2012 Rule 1.3, required])
C:\Users\John\Documents\Libraries\Projects\Cryptography\C Projects\MPKCM13T119\MPKCM13T119\MPKCM13T119.cpp(191): error 63: (Error -- Expected an lvalue)
C:\Users\John\Documents\Libraries\Projects\Cryptography\C Projects\MPKCM13T119\MPKCM13T119\MPKCM13T119.cpp(191): error 10: (Error -- Expecting ';')
#...  WARNING C4005
            break;
C:\Users\John\Documents\Libraries\Projects\Cryptography\C Projects\MPKCM13T119\MPKCM13T119\MPKCM13T119.cpp(192): error 522: (Warning -- Highest operation, symbol reference 'EMIT', lacks side-effects [MISRA 2004 Rule 14.2, required], [MISRA 2012 Rule 2.2, required])
#...  WARNING C4005
            break;
C:\Users\John\Documents\Libraries\Projects\Cryptography\C Projects\MPKCM13T119\MPKCM13T119\MPKCM13T119.cpp(192): error 10: (Error -- Expecting ';')
#... NING C4005
        if (crypto_kem_enc(sendb, keyb, pk) != MQC_STATUS_SUCCESS)
C:\Users\John\Documents\Libraries\Projects\Cryptography\C Projects\MPKCM13T119\MPKCM13T119\MPKCM13T119.cpp(196): error 522: (Warning -- Highest operation, symbol reference 'EMIT', lacks side-effects [MISRA 2004 Rule 14.2, required], [MISRA 2012 Rule 2.2, required])
#... NING C4005
        if (crypto_kem_enc(sendb, keyb, pk) != MQC_STATUS_SUCCESS)
C:\Users\John\Documents\Libraries\Projects\Cryptography\C Projects\MPKCM13T119\MPKCM13T119\MPKCM13T119.cpp(196): error 10: (Error -- Expecting ';')
            state = false;
C:\Users\John\Documents\Libraries\Projects\Cryptography\C Projects\MPKCM13T119\MPKCM13T119\MPKCM13T119.cpp(198): error 40: (Error -- Undeclared identifier 'state' [MISRA 2004 Rule 1.2, required], [MISRA 2012 Rule 1.3, required])
C:\Users\John\Documents\Libraries\Projects\Cryptography\C Projects\MPKCM13T119\MPKCM13T119\MPKCM13T119.cpp(198): error 40: (Error -- Undeclared identifier '_Bool' [MISRA 2004 Rule 1.2, required], [MISRA 2012 Rule 1.3, required])
C:\Users\John\Documents\Libraries\Projects\Cryptography\C Projects\MPKCM13T119\MPKCM13T119\MPKCM13T119.cpp(198): error 63: (Error -- Expected an lvalue)
C:\Users\John\Documents\Libraries\Projects\Cryptography\C Projects\MPKCM13T119\MPKCM13T119\MPKCM13T119.cpp(198): error 10: (Error -- Expecting ';')
#...  WARNING C4005
            break;
C:\Users\John\Documents\Libraries\Projects\Cryptography\C Projects\MPKCM13T119\MPKCM13T119\MPKCM13T119.cpp(199): error 522: (Warning -- Highest operation, symbol reference 'EMIT', lacks side-effects [MISRA 2004 Rule 14.2, required], [MISRA 2012 Rule 2.2, required])
#...  WARNING C4005
            break;
C:\Users\John\Documents\Libraries\Projects\Cryptography\C Projects\MPKCM13T119\MPKCM13T119\MPKCM13T119.cpp(199): error 10: (Error -- Expecting ';')
        sysrand_getbytes(sendb, 8);
C:\Users\John\Documents\Libraries\Projects\Cryptography\C Projects\MPKCM13T119\MPKCM13T119\MPKCM13T119.cpp(203): error 10: (Error -- Expecting a function)
C:\Users\John\Documents\Libraries\Projects\Cryptography\C Projects\MPKCM13T119\MPKCM13T119\MPKCM13T119.cpp(203): error 40: (Error -- Undeclared identifier 'sendb' [MISRA 2004 Rule 1.2, required], [MISRA 2012 Rule 1.3, required])
#... NING C4005
        if (crypto_kem_dec(keya, sendb, sk) == MQC_STATUS_SUCCESS)
C:\Users\John\Documents\Libraries\Projects\Cryptography\C Projects\MPKCM13T119\MPKCM13T119\MPKCM13T119.cpp(206): error 522: (Warning -- Highest operation, symbol reference 'EMIT', lacks side-effects [MISRA 2004 Rule 14.2, required], [MISRA 2012 Rule 2.2, required])
#... NING C4005
        if (crypto_kem_dec(keya, sendb, sk) == MQC_STATUS_SUCCESS)
C:\Users\John\Documents\Libraries\Projects\Cryptography\C Projects\MPKCM13T119\MPKCM13T119\MPKCM13T119.cpp(206): error 10: (Error -- Expecting ';')
            state = false;
C:\Users\John\Documents\Libraries\Projects\Cryptography\C Projects\MPKCM13T119\MPKCM13T119\MPKCM13T119.cpp(208): error 40: (Error -- Undeclared identifier 'state' [MISRA 2004 Rule 1.2, required], [MISRA 2012 Rule 1.3, required])
C:\Users\John\Documents\Libraries\Projects\Cryptography\C Projects\MPKCM13T119\MPKCM13T119\MPKCM13T119.cpp(208): error 40: (Error -- Undeclared identifier '_Bool' [MISRA 2004 Rule 1.2, required], [MISRA 2012 Rule 1.3, required])
C:\Users\John\Documents\Libraries\Projects\Cryptography\C Projects\MPKCM13T119\MPKCM13T119\MPKCM13T119.cpp(208): error 63: (Error -- Expected an lvalue)
C:\Users\John\Documents\Libraries\Projects\Cryptography\C Projects\MPKCM13T119\MPKCM13T119\MPKCM13T119.cpp(208): error 10: (Error -- Expecting ';')
#...  WARNING C4005
            break;
C:\Users\John\Documents\Libraries\Projects\Cryptography\C Projects\MPKCM13T119\MPKCM13T119\MPKCM13T119.cpp(209): error 522: (Warning -- Highest operation, symbol reference 'EMIT', lacks side-effects [MISRA 2004 Rule 14.2, required], [MISRA 2012 Rule 2.2, required])
#...  WARNING C4005
            break;
C:\Users\John\Documents\Libraries\Projects\Cryptography\C Projects\MPKCM13T119\MPKCM13T119\MPKCM13T119.cpp(209): error 10: (Error -- Expecting ';')
#... NING C4005
        if (memcmp(keya, keyb, MCELIECE_KEY_SIZE) == 0)
C:\Users\John\Documents\Libraries\Projects\Cryptography\C Projects\MPKCM13T119\MPKCM13T119\MPKCM13T119.cpp(213): error 522: (Warning -- Highest operation, symbol reference 'EMIT', lacks side-effects [MISRA 2004 Rule 14.2, required], [MISRA 2012 Rule 2.2, required])
#... NING C4005
        if (memcmp(keya, keyb, MCELIECE_KEY_SIZE) == 0)
C:\Users\John\Documents\Libraries\Projects\Cryptography\C Projects\MPKCM13T119\MPKCM13T119\MPKCM13T119.cpp(213): error 10: (Error -- Expecting ';')
            state = false;
C:\Users\John\Documents\Libraries\Projects\Cryptography\C Projects\MPKCM13T119\MPKCM13T119\MPKCM13T119.cpp(215): error 40: (Error -- Undeclared identifier 'state' [MISRA 2004 Rule 1.2, required], [MISRA 2012 Rule 1.3, required])
C:\Users\John\Documents\Libraries\Projects\Cryptography\C Projects\MPKCM13T119\MPKCM13T119\MPKCM13T119.cpp(215): error 40: (Error -- Undeclared identifier '_Bool' [MISRA 2004 Rule 1.2, required], [MISRA 2012 Rule 1.3, required])
C:\Users\John\Documents\Libraries\Projects\Cryptography\C Projects\MPKCM13T119\MPKCM13T119\MPKCM13T119.cpp(215): error 63: (Error -- Expected an lvalue)
C:\Users\John\Documents\Libraries\Projects\Cryptography\C Projects\MPKCM13T119\MPKCM13T119\MPKCM13T119.cpp(215): error 10: (Error -- Expecting ';')
#...  WARNING C4005
            break;
C:\Users\John\Documents\Libraries\Projects\Cryptography\C Projects\MPKCM13T119\MPKCM13T119\MPKCM13T119.cpp(216): error 522: (Warning -- Highest operation, symbol reference 'EMIT', lacks side-effects [MISRA 2004 Rule 14.2, required], [MISRA 2012 Rule 2.2, required])
#...  WARNING C4005
            break;
C:\Users\John\Documents\Libraries\Projects\Cryptography\C Projects\MPKCM13T119\MPKCM13T119\MPKCM13T119.cpp(216): error 10: (Error -- Expecting ';')
#...  C4005
    return state;
C:\Users\John\Documents\Libraries\Projects\Cryptography\C Projects\MPKCM13T119\MPKCM13T119\MPKCM13T119.cpp(222): error 522: (Warning -- Highest operation, symbol reference 'EMIT', lacks side-effects [MISRA 2004 Rule 14.2, required], [MISRA 2012 Rule 2.2, required])
#...  C4005
    return state;
C:\Users\John\Documents\Libraries\Projects\Cryptography\C Projects\MPKCM13T119\MPKCM13T119\MPKCM13T119.cpp(222): error 10: (Error -- Expecting ';')
}
C:\Users\John\Documents\Libraries\Projects\Cryptography\C Projects\MPKCM13T119\MPKCM13T119\MPKCM13T119.cpp(223): error 533: (Warning -- function 'test_invalid_ciphertext(void)' should return a value (see line 159) [MISRA 2004 Rule 16.8, required], [MISRA 2012 Rule 17.4, mandatory])
C:\Users\John\Documents\Libraries\Projects\Cryptography\C Projects\MPKCM13T119\MPKCM13T119\MPKCM13T119.cpp(159): error 830: (Info -- Location cited in prior message)
#...  C4005
    if (test_operations() == true)
C:\Users\John\Documents\Libraries\Projects\Cryptography\C Projects\MPKCM13T119\MPKCM13T119\MPKCM13T119.cpp(230): error 522: (Warning -- Highest operation, symbol reference 'EMIT', lacks side-effects [MISRA 2004 Rule 14.2, required], [MISRA 2012 Rule 2.2, required])
#...  C4005
    if (test_operations() == true)
C:\Users\John\Documents\Libraries\Projects\Cryptography\C Projects\MPKCM13T119\MPKCM13T119\MPKCM13T119.cpp(230): error 10: (Error -- Expecting ';')
        printf_s("Success! Passed key generation, encryption, and decryption stress test. \n");
C:\Users\John\Documents\Libraries\Projects\Cryptography\C Projects\MPKCM13T119\MPKCM13T119\MPKCM13T119.cpp(232): error 1055: (Error -- Symbol 'printf_s' undeclared, assumed to return int)
#...  C4005
    else
C:\Users\John\Documents\Libraries\Projects\Cryptography\C Projects\MPKCM13T119\MPKCM13T119\MPKCM13T119.cpp(234): error 522: (Warning -- Highest operation, symbol reference 'EMIT', lacks side-effects [MISRA 2004 Rule 14.2, required], [MISRA 2012 Rule 2.2, required])
#...  C4005
    else
C:\Users\John\Documents\Libraries\Projects\Cryptography\C Projects\MPKCM13T119\MPKCM13T119\MPKCM13T119.cpp(234): error 10: (Error -- Expecting ';')
#...  C4005
    if (test_invalid_secretkey() == true)
C:\Users\John\Documents\Libraries\Projects\Cryptography\C Projects\MPKCM13T119\MPKCM13T119\MPKCM13T119.cpp(239): error 522: (Warning -- Highest operation, symbol reference 'EMIT', lacks side-effects [MISRA 2004 Rule 14.2, required], [MISRA 2012 Rule 2.2, required])
#...  C4005
    if (test_invalid_secretkey() == true)
C:\Users\John\Documents\Libraries\Projects\Cryptography\C Projects\MPKCM13T119\MPKCM13T119\MPKCM13T119.cpp(239): error 10: (Error -- Expecting ';')
#...  C4005
    else
C:\Users\John\Documents\Libraries\Projects\Cryptography\C Projects\MPKCM13T119\MPKCM13T119\MPKCM13T119.cpp(243): error 522: (Warning -- Highest operation, symbol reference 'EMIT', lacks side-effects [MISRA 2004 Rule 14.2, required], [MISRA 2012 Rule 2.2, required])
#...  C4005
    else
C:\Users\John\Documents\Libraries\Projects\Cryptography\C Projects\MPKCM13T119\MPKCM13T119\MPKCM13T119.cpp(243): error 10: (Error -- Expecting ';')
#...  C4005
    if (test_invalid_ciphertext() == true)
C:\Users\John\Documents\Libraries\Projects\Cryptography\C Projects\MPKCM13T119\MPKCM13T119\MPKCM13T119.cpp(248): error 522: (Warning -- Highest operation, symbol reference 'EMIT', lacks side-effects [MISRA 2004 Rule 14.2, required], [MISRA 2012 Rule 2.2, required])
#...  C4005
    if (test_invalid_ciphertext() == true)
C:\Users\John\Documents\Libraries\Projects\Cryptography\C Projects\MPKCM13T119\MPKCM13T119\MPKCM13T119.cpp(248): error 10: (Error -- Expecting ';')
#...  C4005
    else
C:\Users\John\Documents\Libraries\Projects\Cryptography\C Projects\MPKCM13T119\MPKCM13T119\MPKCM13T119.cpp(252): error 522: (Warning -- Highest operation, symbol reference 'EMIT', lacks side-effects [MISRA 2004 Rule 14.2, required], [MISRA 2012 Rule 2.2, required])
#...  C4005
    else
C:\Users\John\Documents\Libraries\Projects\Cryptography\C Projects\MPKCM13T119\MPKCM13T119\MPKCM13T119.cpp(252): error 10: (Error -- Expecting ';')
}
C:\Users\John\Documents\Libraries\Projects\Cryptography\C Projects\MPKCM13T119\MPKCM13T119\MPKCM13T119.cpp(256): error 533: (Warning -- function 'mceliece_test_run(void)' should return a value (see line 228) [MISRA 2004 Rule 16.8, required], [MISRA 2012 Rule 17.4, mandatory])
C:\Users\John\Documents\Libraries\Projects\Cryptography\C Projects\MPKCM13T119\MPKCM13T119\MPKCM13T119.cpp(228): error 830: (Info -- Location cited in prior message)
#... RNING C4005
int main(void)
C:\Users\John\Documents\Libraries\Projects\Cryptography\C Projects\MPKCM13T119\MPKCM13T119\MPKCM13T119.cpp(261): error 129: (Error -- declaration expected, identifier 'main' ignored)
int main(void)
C:\Users\John\Documents\Libraries\Projects\Cryptography\C Projects\MPKCM13T119\MPKCM13T119\MPKCM13T119.cpp(261): error 10: (Error -- Expecting identifier or other declarator)

--- Global Wrap-up

 error 974: (Note -- Worst case function for stack usage: 'get_response' is finite, requires 40 bytes total stack in calling 'getwchar' (external). See +stack for a full report. [MISRA 2004 Rule 16.2, required])
 error 900: (Note -- Successful completion, 659 messages produced)
